{"/home/travis/build/npmtest/node-npmtest-ied/test.js":{"path":"/home/travis/build/npmtest/node-npmtest-ied/test.js","s":{"1":2,"2":2,"3":2,"4":2,"5":2,"6":2,"7":2,"8":1,"9":2,"10":2,"11":1,"12":1,"13":1,"14":1,"15":2,"16":2,"17":2,"18":2,"19":1,"20":1,"21":2,"22":2,"23":2,"24":1,"25":1,"26":1,"27":1,"28":1,"29":1,"30":1,"31":1,"32":1,"33":1,"34":1,"35":1,"36":1,"37":1,"38":1,"39":2,"40":2,"41":1,"42":2,"43":2,"44":1,"45":2,"46":2,"47":1,"48":2,"49":2,"50":1,"51":1,"52":1,"53":1,"54":1},"b":{"1":[2,1,1,1],"2":[1,1,1,1],"3":[1,1],"4":[1,1],"5":[1,1],"6":[1,1],"7":[1,1],"8":[1,1],"9":[1,1],"10":[1,1,1],"11":[1,1],"12":[1,1],"13":[1,1],"14":[1,1],"15":[1,1],"16":[1,1],"17":[1,1]},"f":{"1":2,"2":2,"3":2,"4":2,"5":2,"6":1,"7":1,"8":1,"9":2,"10":2,"11":2,"12":2,"13":1},"fnMap":{"1":{"name":"(anonymous_1)","line":12,"loc":{"start":{"line":12,"column":1},"end":{"line":12,"column":13}}},"2":{"name":"(anonymous_2)","line":19,"loc":{"start":{"line":19,"column":5},"end":{"line":19,"column":17}}},"3":{"name":"(anonymous_3)","line":23,"loc":{"start":{"line":23,"column":24},"end":{"line":23,"column":36}}},"4":{"name":"(anonymous_4)","line":61,"loc":{"start":{"line":61,"column":5},"end":{"line":61,"column":17}}},"5":{"name":"(anonymous_5)","line":82,"loc":{"start":{"line":82,"column":5},"end":{"line":82,"column":17}}},"6":{"name":"(anonymous_6)","line":91,"loc":{"start":{"line":91,"column":77},"end":{"line":94,"column":10}}},"7":{"name":"(anonymous_7)","line":112,"loc":{"start":{"line":112,"column":83},"end":{"line":115,"column":10}},"skip":true},"8":{"name":"(anonymous_8)","line":123,"loc":{"start":{"line":123,"column":77},"end":{"line":126,"column":10}},"skip":true},"9":{"name":"(anonymous_9)","line":139,"loc":{"start":{"line":139,"column":12},"end":{"line":139,"column":40}},"skip":true},"10":{"name":"(anonymous_10)","line":147,"loc":{"start":{"line":147,"column":77},"end":{"line":150,"column":10}},"skip":true},"11":{"name":"(anonymous_11)","line":158,"loc":{"start":{"line":158,"column":83},"end":{"line":161,"column":10}},"skip":true},"12":{"name":"(anonymous_12)","line":169,"loc":{"start":{"line":169,"column":79},"end":{"line":172,"column":10}},"skip":true},"13":{"name":"(anonymous_13)","line":180,"loc":{"start":{"line":180,"column":75},"end":{"line":183,"column":10}},"skip":true}},"statementMap":{"1":{"start":{"line":12,"column":0},"end":{"line":195,"column":5}},"2":{"start":{"line":14,"column":4},"end":{"line":14,"column":14}},"3":{"start":{"line":19,"column":4},"end":{"line":56,"column":9}},"4":{"start":{"line":21,"column":8},"end":{"line":21,"column":19}},"5":{"start":{"line":23,"column":8},"end":{"line":35,"column":13}},"6":{"start":{"line":24,"column":12},"end":{"line":34,"column":13}},"7":{"start":{"line":25,"column":16},"end":{"line":28,"column":30}},"8":{"start":{"line":30,"column":16},"end":{"line":33,"column":27}},"9":{"start":{"line":37,"column":8},"end":{"line":39,"column":21}},"10":{"start":{"line":40,"column":8},"end":{"line":53,"column":9}},"11":{"start":{"line":43,"column":12},"end":{"line":46,"column":14}},"12":{"start":{"line":47,"column":12},"end":{"line":47,"column":18}},"13":{"start":{"line":50,"column":12},"end":{"line":51,"column":33}},"14":{"start":{"line":52,"column":12},"end":{"line":52,"column":18}},"15":{"start":{"line":55,"column":8},"end":{"line":55,"column":35}},"16":{"start":{"line":61,"column":4},"end":{"line":63,"column":9}},"17":{"start":{"line":62,"column":8},"end":{"line":62,"column":15}},"18":{"start":{"line":64,"column":4},"end":{"line":77,"column":5}},"19":{"start":{"line":70,"column":8},"end":{"line":70,"column":14}},"20":{"start":{"line":76,"column":8},"end":{"line":76,"column":14}},"21":{"start":{"line":82,"column":4},"end":{"line":84,"column":9}},"22":{"start":{"line":83,"column":8},"end":{"line":83,"column":15}},"23":{"start":{"line":85,"column":4},"end":{"line":194,"column":5}},"24":{"start":{"line":91,"column":8},"end":{"line":99,"column":10}},"25":{"start":{"line":98,"column":12},"end":{"line":98,"column":35}},"26":{"start":{"line":102,"column":8},"end":{"line":104,"column":63}},"27":{"start":{"line":105,"column":8},"end":{"line":105,"column":14}},"28":{"start":{"line":112,"column":8},"end":{"line":121,"column":10},"skip":true},"29":{"start":{"line":119,"column":12},"end":{"line":119,"column":55},"skip":true},"30":{"start":{"line":120,"column":12},"end":{"line":120,"column":48},"skip":true},"31":{"start":{"line":123,"column":8},"end":{"line":136,"column":10},"skip":true},"32":{"start":{"line":130,"column":12},"end":{"line":130,"column":76},"skip":true},"33":{"start":{"line":131,"column":12},"end":{"line":131,"column":73},"skip":true},"34":{"start":{"line":132,"column":12},"end":{"line":132,"column":74},"skip":true},"35":{"start":{"line":133,"column":12},"end":{"line":133,"column":79},"skip":true},"36":{"start":{"line":134,"column":12},"end":{"line":134,"column":25},"skip":true},"37":{"start":{"line":135,"column":12},"end":{"line":135,"column":45},"skip":true},"38":{"start":{"line":138,"column":8},"end":{"line":145,"column":14},"skip":true},"39":{"start":{"line":143,"column":16},"end":{"line":143,"column":29},"skip":true},"40":{"start":{"line":144,"column":16},"end":{"line":144,"column":55},"skip":true},"41":{"start":{"line":147,"column":8},"end":{"line":156,"column":10},"skip":true},"42":{"start":{"line":154,"column":12},"end":{"line":154,"column":25},"skip":true},"43":{"start":{"line":155,"column":12},"end":{"line":155,"column":45},"skip":true},"44":{"start":{"line":158,"column":8},"end":{"line":167,"column":10},"skip":true},"45":{"start":{"line":165,"column":12},"end":{"line":165,"column":25},"skip":true},"46":{"start":{"line":166,"column":12},"end":{"line":166,"column":48},"skip":true},"47":{"start":{"line":169,"column":8},"end":{"line":178,"column":10},"skip":true},"48":{"start":{"line":176,"column":12},"end":{"line":176,"column":25},"skip":true},"49":{"start":{"line":177,"column":12},"end":{"line":177,"column":46},"skip":true},"50":{"start":{"line":180,"column":8},"end":{"line":189,"column":10},"skip":true},"51":{"start":{"line":187,"column":12},"end":{"line":187,"column":94},"skip":true},"52":{"start":{"line":188,"column":12},"end":{"line":188,"column":48},"skip":true},"53":{"start":{"line":192,"column":8},"end":{"line":192,"column":35},"skip":true},"54":{"start":{"line":193,"column":8},"end":{"line":193,"column":14},"skip":true}},"branchMap":{"1":{"line":25,"type":"binary-expr","locations":[{"start":{"line":25,"column":23},"end":{"line":25,"column":62}},{"start":{"line":26,"column":20},"end":{"line":26,"column":70}},{"start":{"line":27,"column":20},"end":{"line":27,"column":71}},{"start":{"line":28,"column":20},"end":{"line":28,"column":29}}]},"2":{"line":30,"type":"binary-expr","locations":[{"start":{"line":30,"column":23},"end":{"line":30,"column":37}},{"start":{"line":31,"column":20},"end":{"line":31,"column":61}},{"start":{"line":32,"column":20},"end":{"line":32,"column":70}},{"start":{"line":33,"column":20},"end":{"line":33,"column":26}}]},"3":{"line":37,"type":"cond-expr","locations":[{"start":{"line":38,"column":14},"end":{"line":38,"column":20}},{"start":{"line":39,"column":14},"end":{"line":39,"column":20}}]},"4":{"line":40,"type":"switch","locations":[{"start":{"line":42,"column":8},"end":{"line":47,"column":18}},{"start":{"line":49,"column":8},"end":{"line":52,"column":18}}]},"5":{"line":44,"type":"binary-expr","locations":[{"start":{"line":44,"column":16},"end":{"line":44,"column":44}},{"start":{"line":44,"column":48},"end":{"line":44,"column":66}}]},"6":{"line":50,"type":"binary-expr","locations":[{"start":{"line":50,"column":21},"end":{"line":50,"column":49}},{"start":{"line":50,"column":53},"end":{"line":50,"column":72}}]},"7":{"line":64,"type":"switch","locations":[{"start":{"line":69,"column":4},"end":{"line":70,"column":14}},{"start":{"line":75,"column":4},"end":{"line":76,"column":14}}]},"8":{"line":85,"type":"switch","locations":[{"start":{"line":90,"column":4},"end":{"line":105,"column":14}},{"start":{"line":111,"column":4},"end":{"line":193,"column":14},"skip":true}]},"9":{"line":91,"type":"binary-expr","locations":[{"start":{"line":91,"column":42},"end":{"line":91,"column":73}},{"start":{"line":91,"column":77},"end":{"line":99,"column":9}}]},"10":{"line":102,"type":"binary-expr","locations":[{"start":{"line":102,"column":18},"end":{"line":102,"column":32}},{"start":{"line":103,"column":12},"end":{"line":103,"column":53}},{"start":{"line":104,"column":12},"end":{"line":104,"column":61}}]},"11":{"line":112,"type":"binary-expr","locations":[{"start":{"line":112,"column":45},"end":{"line":112,"column":79},"skip":true},{"start":{"line":112,"column":83},"end":{"line":121,"column":9},"skip":true}]},"12":{"line":123,"type":"binary-expr","locations":[{"start":{"line":123,"column":42},"end":{"line":123,"column":73},"skip":true},{"start":{"line":123,"column":77},"end":{"line":136,"column":9},"skip":true}]},"13":{"line":138,"type":"binary-expr","locations":[{"start":{"line":138,"column":48},"end":{"line":138,"column":85},"skip":true},{"start":{"line":139,"column":12},"end":{"line":145,"column":13},"skip":true}]},"14":{"line":147,"type":"binary-expr","locations":[{"start":{"line":147,"column":42},"end":{"line":147,"column":73},"skip":true},{"start":{"line":147,"column":77},"end":{"line":156,"column":9},"skip":true}]},"15":{"line":158,"type":"binary-expr","locations":[{"start":{"line":158,"column":45},"end":{"line":158,"column":79},"skip":true},{"start":{"line":158,"column":83},"end":{"line":167,"column":9},"skip":true}]},"16":{"line":169,"type":"binary-expr","locations":[{"start":{"line":169,"column":43},"end":{"line":169,"column":75},"skip":true},{"start":{"line":169,"column":79},"end":{"line":178,"column":9},"skip":true}]},"17":{"line":180,"type":"binary-expr","locations":[{"start":{"line":180,"column":41},"end":{"line":180,"column":71},"skip":true},{"start":{"line":180,"column":75},"end":{"line":189,"column":9},"skip":true}]}},"code":["/* istanbul instrument in package npmtest_ied */","/*jslint","    bitwise: true,","    browser: true,","    maxerr: 8,","    maxlen: 96,","    node: true,","    nomen: true,","    regexp: true,","    stupid: true","*/","(function () {","    'use strict';","    var local;","","","","    // run shared js-env code - pre-init","    (function () {","        // init local","        local = {};","        // init modeJs","        local.modeJs = (function () {","            try {","                return typeof navigator.userAgent === 'string' &&","                    typeof document.querySelector('body') === 'object' &&","                    typeof XMLHttpRequest.prototype.open === 'function' &&","                    'browser';","            } catch (errorCaughtBrowser) {","                return module.exports &&","                    typeof process.versions.node === 'string' &&","                    typeof require('http').createServer === 'function' &&","                    'node';","            }","        }());","        // init global","        local.global = local.modeJs === 'browser'","            ? window","            : global;","        switch (local.modeJs) {","        // re-init local from window.local","        case 'browser':","            local = local.global.utility2.objectSetDefault(","                local.global.utility2_rollup || local.global.local,","                local.global.utility2","            );","            break;","        // re-init local from example.js","        case 'node':","            local = (local.global.utility2_rollup || require('utility2'))","                .requireReadme();","            break;","        }","        // export local","        local.global.local = local;","    }());","","","","    // run shared js-env code - function","    (function () {","        return;","    }());","    switch (local.modeJs) {","","","","    // run browser js-env code - function","    case 'browser':","        break;","","","","    // run node js-env code - function","    case 'node':","        break;","    }","","","","    // run shared js-env code - post-init","    (function () {","        return;","    }());","    switch (local.modeJs) {","","","","    // run browser js-env code - post-init","    case 'browser':","        local.testCase_browser_nullCase = local.testCase_browser_nullCase || function (","            options,","            onError","        ) {","        /*","         * this function will test browsers's null-case handling-behavior-behavior","         */","            onError(null, options);","        };","","        // run tests","        local.nop(local.modeTest &&","            document.querySelector('#testRunButton1') &&","            document.querySelector('#testRunButton1').click());","        break;","","","","    // run node js-env code - post-init","    /* istanbul ignore next */","    case 'node':","        local.testCase_buildApidoc_default = local.testCase_buildApidoc_default || function (","            options,","            onError","        ) {","        /*","         * this function will test buildApidoc's default handling-behavior-behavior","         */","            options = { modulePathList: module.paths };","            local.buildApidoc(options, onError);","        };","","        local.testCase_buildApp_default = local.testCase_buildApp_default || function (","            options,","            onError","        ) {","        /*","         * this function will test buildApp's default handling-behavior-behavior","         */","            local.testCase_buildReadme_default(options, local.onErrorThrow);","            local.testCase_buildLib_default(options, local.onErrorThrow);","            local.testCase_buildTest_default(options, local.onErrorThrow);","            local.testCase_buildCustomOrg_default(options, local.onErrorThrow);","            options = [];","            local.buildApp(options, onError);","        };","","        local.testCase_buildCustomOrg_default = local.testCase_buildCustomOrg_default ||","            function (options, onError) {","            /*","             * this function will test buildCustomOrg's default handling-behavior","             */","                options = {};","                local.buildCustomOrg(options, onError);","            };","","        local.testCase_buildLib_default = local.testCase_buildLib_default || function (","            options,","            onError","        ) {","        /*","         * this function will test buildLib's default handling-behavior","         */","            options = {};","            local.buildLib(options, onError);","        };","","        local.testCase_buildReadme_default = local.testCase_buildReadme_default || function (","            options,","            onError","        ) {","        /*","         * this function will test buildReadme's default handling-behavior-behavior","         */","            options = {};","            local.buildReadme(options, onError);","        };","","        local.testCase_buildTest_default = local.testCase_buildTest_default || function (","            options,","            onError","        ) {","        /*","         * this function will test buildTest's default handling-behavior","         */","            options = {};","            local.buildTest(options, onError);","        };","","        local.testCase_webpage_default = local.testCase_webpage_default || function (","            options,","            onError","        ) {","        /*","         * this function will test webpage's default handling-behavior","         */","            options = { modeCoverageMerge: true, url: local.serverLocalHost + '?modeTest=1' };","            local.browserTest(options, onError);","        };","","        // run test-server","        local.testRunServer(local);","        break;","    }","}());",""],"l":{"12":2,"14":2,"19":2,"21":2,"23":2,"24":2,"25":2,"30":1,"37":2,"40":2,"43":1,"47":1,"50":1,"52":1,"55":2,"61":2,"62":2,"64":2,"70":1,"76":1,"82":2,"83":2,"85":2,"91":1,"98":1,"102":1,"105":1,"112":1,"119":1,"120":1,"123":1,"130":1,"131":1,"132":1,"133":1,"134":1,"135":1,"138":1,"143":2,"144":2,"147":1,"154":2,"155":2,"158":1,"165":2,"166":2,"169":1,"176":2,"177":2,"180":1,"187":1,"188":1,"192":1,"193":1}},"/home/travis/build/npmtest/node-npmtest-ied/lib.npmtest_ied.js":{"path":"/home/travis/build/npmtest/node-npmtest-ied/lib.npmtest_ied.js","s":{"1":2,"2":2,"3":2,"4":2,"5":2,"6":2,"7":2,"8":1,"9":2,"10":2,"11":2,"12":2,"13":1,"14":1,"15":1,"16":1},"b":{"1":[2,1,1,1],"2":[1,1,1,1],"3":[1,1],"4":[2,2],"5":[1,1]},"f":{"1":2,"2":2,"3":2},"fnMap":{"1":{"name":"(anonymous_1)","line":12,"loc":{"start":{"line":12,"column":1},"end":{"line":12,"column":13}}},"2":{"name":"(anonymous_2)","line":19,"loc":{"start":{"line":19,"column":5},"end":{"line":19,"column":17}}},"3":{"name":"(anonymous_3)","line":23,"loc":{"start":{"line":23,"column":24},"end":{"line":23,"column":36}}}},"statementMap":{"1":{"start":{"line":12,"column":0},"end":{"line":53,"column":5}},"2":{"start":{"line":14,"column":4},"end":{"line":14,"column":14}},"3":{"start":{"line":19,"column":4},"end":{"line":52,"column":9}},"4":{"start":{"line":21,"column":8},"end":{"line":21,"column":19}},"5":{"start":{"line":23,"column":8},"end":{"line":35,"column":13}},"6":{"start":{"line":24,"column":12},"end":{"line":34,"column":13}},"7":{"start":{"line":25,"column":16},"end":{"line":28,"column":30}},"8":{"start":{"line":30,"column":16},"end":{"line":33,"column":27}},"9":{"start":{"line":37,"column":8},"end":{"line":39,"column":21}},"10":{"start":{"line":41,"column":8},"end":{"line":41,"column":54}},"11":{"start":{"line":43,"column":8},"end":{"line":43,"column":48}},"12":{"start":{"line":45,"column":8},"end":{"line":51,"column":9}},"13":{"start":{"line":46,"column":12},"end":{"line":46,"column":54}},"14":{"start":{"line":48,"column":12},"end":{"line":48,"column":35}},"15":{"start":{"line":49,"column":12},"end":{"line":49,"column":49}},"16":{"start":{"line":50,"column":12},"end":{"line":50,"column":43}}},"branchMap":{"1":{"line":25,"type":"binary-expr","locations":[{"start":{"line":25,"column":23},"end":{"line":25,"column":62}},{"start":{"line":26,"column":20},"end":{"line":26,"column":70}},{"start":{"line":27,"column":20},"end":{"line":27,"column":71}},{"start":{"line":28,"column":20},"end":{"line":28,"column":29}}]},"2":{"line":30,"type":"binary-expr","locations":[{"start":{"line":30,"column":23},"end":{"line":30,"column":37}},{"start":{"line":31,"column":20},"end":{"line":31,"column":61}},{"start":{"line":32,"column":20},"end":{"line":32,"column":70}},{"start":{"line":33,"column":20},"end":{"line":33,"column":26}}]},"3":{"line":37,"type":"cond-expr","locations":[{"start":{"line":38,"column":14},"end":{"line":38,"column":20}},{"start":{"line":39,"column":14},"end":{"line":39,"column":20}}]},"4":{"line":41,"type":"binary-expr","locations":[{"start":{"line":41,"column":16},"end":{"line":41,"column":44}},{"start":{"line":41,"column":48},"end":{"line":41,"column":53}}]},"5":{"line":45,"type":"if","locations":[{"start":{"line":45,"column":8},"end":{"line":45,"column":8}},{"start":{"line":45,"column":8},"end":{"line":45,"column":8}}]}},"code":["/* istanbul instrument in package npmtest_ied */","/*jslint","    bitwise: true,","    browser: true,","    maxerr: 8,","    maxlen: 96,","    node: true,","    nomen: true,","    regexp: true,","    stupid: true","*/","(function () {","    'use strict';","    var local;","","","","    // run shared js-env code - pre-init","    (function () {","        // init local","        local = {};","        // init modeJs","        local.modeJs = (function () {","            try {","                return typeof navigator.userAgent === 'string' &&","                    typeof document.querySelector('body') === 'object' &&","                    typeof XMLHttpRequest.prototype.open === 'function' &&","                    'browser';","            } catch (errorCaughtBrowser) {","                return module.exports &&","                    typeof process.versions.node === 'string' &&","                    typeof require('http').createServer === 'function' &&","                    'node';","            }","        }());","        // init global","        local.global = local.modeJs === 'browser'","            ? window","            : global;","        // init utility2_rollup","        local = local.global.utility2_rollup || local;","        // init lib","        local.local = local.npmtest_ied = local;","        // init exports","        if (local.modeJs === 'browser') {","            local.global.utility2_npmtest_ied = local;","        } else {","            module.exports = local;","            module.exports.__dirname = __dirname;","            module.exports.module = module;","        }","    }());","}());",""],"l":{"12":2,"14":2,"19":2,"21":2,"23":2,"24":2,"25":2,"30":1,"37":2,"41":2,"43":2,"45":2,"46":1,"48":1,"49":1,"50":1}},"/home/travis/build/npmtest/node-npmtest-ied/example.js":{"path":"/home/travis/build/npmtest/node-npmtest-ied/example.js","s":{"1":2,"2":2,"3":2,"4":2,"5":2,"6":2,"7":2,"8":1,"9":2,"10":2,"11":2,"12":2,"13":1,"14":2,"15":2,"16":2,"17":2,"18":2,"19":0,"20":2,"21":1,"22":1,"23":1,"24":1,"25":1,"26":0,"27":0,"28":1,"29":1,"30":2,"31":0,"32":0,"33":0,"34":1,"35":2,"36":2,"37":3,"38":3,"39":3,"40":3,"41":0,"42":3,"43":3,"44":3,"45":1,"46":3,"47":1,"48":1,"49":1,"50":1,"51":1,"52":1,"53":1,"54":1,"55":1,"56":1,"57":0,"58":1,"59":6,"60":6,"61":1,"62":2,"63":0,"64":2,"65":1,"66":1,"67":0,"68":0,"69":0,"70":0,"71":0,"72":0,"73":0,"74":0,"75":0,"76":0,"77":0,"78":0,"79":0,"80":0,"81":0,"82":0,"83":0},"b":{"1":[2,1,1,1],"2":[1,1,1,1],"3":[1,1],"4":[2,2],"5":[1,1],"6":[1,1],"7":[2,0],"8":[2,1,1,1,1,1],"9":[0,2,0],"10":[1,1],"11":[2,1,1],"12":[1,0],"13":[0,2],"14":[2,0,0,0,0,0,0],"15":[0,3],"16":[3,0],"17":[1,1],"18":[0,1],"19":[1,2,0,2],"20":[1,0],"21":[1,1],"22":[0,0],"23":[0,0],"24":[0,0],"25":[0,0],"26":[0,0],"27":[0,0],"28":[0,0]},"f":{"1":2,"2":2,"3":2,"4":2,"5":2,"6":2,"7":3,"8":3,"9":3,"10":1,"11":6,"12":0},"fnMap":{"1":{"name":"(anonymous_1)","line":26,"loc":{"start":{"line":26,"column":1},"end":{"line":26,"column":13}}},"2":{"name":"(anonymous_2)","line":33,"loc":{"start":{"line":33,"column":5},"end":{"line":33,"column":17}}},"3":{"name":"(anonymous_3)","line":37,"loc":{"start":{"line":37,"column":24},"end":{"line":37,"column":36}}},"4":{"name":"(anonymous_4)","line":69,"loc":{"start":{"line":69,"column":31},"end":{"line":69,"column":48}},"skip":true},"5":{"name":"(anonymous_5)","line":78,"loc":{"start":{"line":78,"column":26},"end":{"line":78,"column":45}},"skip":true},"6":{"name":"(anonymous_6)","line":123,"loc":{"start":{"line":123,"column":33},"end":{"line":123,"column":48}},"skip":true},"7":{"name":"(anonymous_7)","line":125,"loc":{"start":{"line":125,"column":27},"end":{"line":125,"column":39}},"skip":true},"8":{"name":"(anonymous_8)","line":133,"loc":{"start":{"line":133,"column":59},"end":{"line":133,"column":74}},"skip":true},"9":{"name":"(anonymous_9)","line":143,"loc":{"start":{"line":143,"column":45},"end":{"line":143,"column":62}},"skip":true},"10":{"name":"(anonymous_10)","line":144,"loc":{"start":{"line":144,"column":73},"end":{"line":144,"column":92}},"skip":true},"11":{"name":"(anonymous_11)","line":272,"loc":{"start":{"line":272,"column":51},"end":{"line":272,"column":77}},"skip":true},"12":{"name":"(anonymous_12)","line":315,"loc":{"start":{"line":315,"column":32},"end":{"line":315,"column":61}},"skip":true}},"statementMap":{"1":{"start":{"line":26,"column":0},"end":{"line":326,"column":5}},"2":{"start":{"line":28,"column":4},"end":{"line":28,"column":14}},"3":{"start":{"line":33,"column":4},"end":{"line":60,"column":9}},"4":{"start":{"line":35,"column":8},"end":{"line":35,"column":19}},"5":{"start":{"line":37,"column":8},"end":{"line":49,"column":13}},"6":{"start":{"line":38,"column":12},"end":{"line":48,"column":13}},"7":{"start":{"line":39,"column":16},"end":{"line":42,"column":30}},"8":{"start":{"line":44,"column":16},"end":{"line":47,"column":27}},"9":{"start":{"line":51,"column":8},"end":{"line":53,"column":21}},"10":{"start":{"line":55,"column":8},"end":{"line":57,"column":45}},"11":{"start":{"line":59,"column":8},"end":{"line":59,"column":35}},"12":{"start":{"line":61,"column":4},"end":{"line":325,"column":5}},"13":{"start":{"line":69,"column":8},"end":{"line":121,"column":10},"skip":true},"14":{"start":{"line":70,"column":12},"end":{"line":88,"column":13},"skip":true},"15":{"start":{"line":76,"column":16},"end":{"line":87,"column":19},"skip":true},"16":{"start":{"line":79,"column":20},"end":{"line":86,"column":21},"skip":true},"17":{"start":{"line":82,"column":24},"end":{"line":82,"column":43},"skip":true},"18":{"start":{"line":83,"column":24},"end":{"line":83,"column":30},"skip":true},"19":{"start":{"line":85,"column":24},"end":{"line":85,"column":49},"skip":true},"20":{"start":{"line":89,"column":12},"end":{"line":107,"column":13},"skip":true},"21":{"start":{"line":92,"column":16},"end":{"line":102,"column":17},"skip":true},"22":{"start":{"line":93,"column":20},"end":{"line":93,"column":86},"skip":true},"23":{"start":{"line":94,"column":20},"end":{"line":95,"column":45},"skip":true},"24":{"start":{"line":96,"column":20},"end":{"line":96,"column":42},"skip":true},"25":{"start":{"line":97,"column":20},"end":{"line":97,"column":48},"skip":true},"26":{"start":{"line":100,"column":20},"end":{"line":100,"column":85},"skip":true},"27":{"start":{"line":101,"column":20},"end":{"line":101,"column":96},"skip":true},"28":{"start":{"line":103,"column":16},"end":{"line":103,"column":22},"skip":true},"29":{"start":{"line":106,"column":16},"end":{"line":106,"column":22},"skip":true},"30":{"start":{"line":108,"column":12},"end":{"line":120,"column":13},"skip":true},"31":{"start":{"line":114,"column":16},"end":{"line":119,"column":17},"skip":true},"32":{"start":{"line":116,"column":20},"end":{"line":116,"column":78},"skip":true},"33":{"start":{"line":118,"column":20},"end":{"line":118,"column":47},"skip":true},"34":{"start":{"line":123,"column":8},"end":{"line":141,"column":11},"skip":true},"35":{"start":{"line":124,"column":12},"end":{"line":124,"column":54},"skip":true},"36":{"start":{"line":125,"column":12},"end":{"line":140,"column":14},"skip":true},"37":{"start":{"line":126,"column":16},"end":{"line":126,"column":28},"skip":true},"38":{"start":{"line":127,"column":16},"end":{"line":127,"column":69},"skip":true},"39":{"start":{"line":128,"column":16},"end":{"line":128,"column":75},"skip":true},"40":{"start":{"line":129,"column":16},"end":{"line":131,"column":17},"skip":true},"41":{"start":{"line":130,"column":20},"end":{"line":130,"column":27},"skip":true},"42":{"start":{"line":133,"column":16},"end":{"line":137,"column":36},"skip":true},"43":{"start":{"line":134,"column":20},"end":{"line":136,"column":55},"skip":true},"44":{"start":{"line":139,"column":16},"end":{"line":139,"column":57},"skip":true},"45":{"start":{"line":143,"column":8},"end":{"line":147,"column":11},"skip":true},"46":{"start":{"line":144,"column":12},"end":{"line":146,"column":15},"skip":true},"47":{"start":{"line":145,"column":16},"end":{"line":145,"column":70},"skip":true},"48":{"start":{"line":149,"column":8},"end":{"line":149,"column":31},"skip":true},"49":{"start":{"line":150,"column":8},"end":{"line":150,"column":14},"skip":true},"50":{"start":{"line":158,"column":8},"end":{"line":158,"column":31},"skip":true},"51":{"start":{"line":160,"column":8},"end":{"line":160,"column":33},"skip":true},"52":{"start":{"line":161,"column":8},"end":{"line":161,"column":37},"skip":true},"53":{"start":{"line":162,"column":8},"end":{"line":162,"column":35},"skip":true},"54":{"start":{"line":164,"column":8},"end":{"line":164,"column":50},"skip":true},"55":{"start":{"line":166,"column":8},"end":{"line":256,"column":2},"skip":true},"56":{"start":{"line":258,"column":8},"end":{"line":286,"column":9},"skip":true},"57":{"start":{"line":259,"column":12},"end":{"line":269,"column":14},"skip":true},"58":{"start":{"line":271,"column":12},"end":{"line":285,"column":19},"skip":true},"59":{"start":{"line":274,"column":20},"end":{"line":274,"column":35},"skip":true},"60":{"start":{"line":275,"column":20},"end":{"line":284,"column":21},"skip":true},"61":{"start":{"line":277,"column":24},"end":{"line":277,"column":64},"skip":true},"62":{"start":{"line":279,"column":24},"end":{"line":279,"column":40},"skip":true},"63":{"start":{"line":281,"column":24},"end":{"line":281,"column":40},"skip":true},"64":{"start":{"line":283,"column":24},"end":{"line":283,"column":39},"skip":true},"65":{"start":{"line":288,"column":8},"end":{"line":290,"column":9},"skip":true},"66":{"start":{"line":289,"column":12},"end":{"line":289,"column":18},"skip":true},"67":{"start":{"line":291,"column":8},"end":{"line":293,"column":54},"skip":true},"68":{"start":{"line":296,"column":8},"end":{"line":301,"column":37},"skip":true},"69":{"start":{"line":303,"column":8},"end":{"line":303,"column":82},"skip":true},"70":{"start":{"line":306,"column":8},"end":{"line":308,"column":9},"skip":true},"71":{"start":{"line":307,"column":12},"end":{"line":307,"column":82},"skip":true},"72":{"start":{"line":310,"column":8},"end":{"line":312,"column":9},"skip":true},"73":{"start":{"line":311,"column":12},"end":{"line":311,"column":18},"skip":true},"74":{"start":{"line":313,"column":8},"end":{"line":313,"column":54},"skip":true},"75":{"start":{"line":314,"column":8},"end":{"line":314,"column":69},"skip":true},"76":{"start":{"line":315,"column":8},"end":{"line":323,"column":36},"skip":true},"77":{"start":{"line":316,"column":12},"end":{"line":316,"column":61},"skip":true},"78":{"start":{"line":317,"column":12},"end":{"line":320,"column":13},"skip":true},"79":{"start":{"line":318,"column":16},"end":{"line":318,"column":75},"skip":true},"80":{"start":{"line":319,"column":16},"end":{"line":319,"column":23},"skip":true},"81":{"start":{"line":321,"column":12},"end":{"line":321,"column":38},"skip":true},"82":{"start":{"line":322,"column":12},"end":{"line":322,"column":27},"skip":true},"83":{"start":{"line":324,"column":8},"end":{"line":324,"column":14},"skip":true}},"branchMap":{"1":{"line":39,"type":"binary-expr","locations":[{"start":{"line":39,"column":23},"end":{"line":39,"column":62}},{"start":{"line":40,"column":20},"end":{"line":40,"column":70}},{"start":{"line":41,"column":20},"end":{"line":41,"column":71}},{"start":{"line":42,"column":20},"end":{"line":42,"column":29}}]},"2":{"line":44,"type":"binary-expr","locations":[{"start":{"line":44,"column":23},"end":{"line":44,"column":37}},{"start":{"line":45,"column":20},"end":{"line":45,"column":61}},{"start":{"line":46,"column":20},"end":{"line":46,"column":70}},{"start":{"line":47,"column":20},"end":{"line":47,"column":26}}]},"3":{"line":51,"type":"cond-expr","locations":[{"start":{"line":52,"column":14},"end":{"line":52,"column":20}},{"start":{"line":53,"column":14},"end":{"line":53,"column":20}}]},"4":{"line":55,"type":"binary-expr","locations":[{"start":{"line":55,"column":16},"end":{"line":55,"column":44}},{"start":{"line":55,"column":49},"end":{"line":57,"column":43}}]},"5":{"line":55,"type":"cond-expr","locations":[{"start":{"line":56,"column":14},"end":{"line":56,"column":47}},{"start":{"line":57,"column":14},"end":{"line":57,"column":43}}]},"6":{"line":61,"type":"switch","locations":[{"start":{"line":68,"column":4},"end":{"line":150,"column":14},"skip":true},{"start":{"line":156,"column":4},"end":{"line":324,"column":14},"skip":true}]},"7":{"line":70,"type":"if","locations":[{"start":{"line":70,"column":12},"end":{"line":70,"column":12},"skip":true},{"start":{"line":70,"column":12},"end":{"line":70,"column":12},"skip":true}]},"8":{"line":70,"type":"binary-expr","locations":[{"start":{"line":70,"column":16},"end":{"line":70,"column":22},"skip":true},{"start":{"line":70,"column":27},"end":{"line":70,"column":32},"skip":true},{"start":{"line":71,"column":20},"end":{"line":71,"column":39},"skip":true},{"start":{"line":72,"column":20},"end":{"line":72,"column":49},"skip":true},{"start":{"line":73,"column":20},"end":{"line":73,"column":58},"skip":true},{"start":{"line":74,"column":20},"end":{"line":74,"column":69},"skip":true}]},"9":{"line":79,"type":"switch","locations":[{"start":{"line":80,"column":20},"end":{"line":80,"column":33},"skip":true},{"start":{"line":81,"column":20},"end":{"line":83,"column":30},"skip":true},{"start":{"line":84,"column":20},"end":{"line":85,"column":49},"skip":true}]},"10":{"line":89,"type":"switch","locations":[{"start":{"line":90,"column":12},"end":{"line":103,"column":22},"skip":true},{"start":{"line":105,"column":12},"end":{"line":106,"column":22},"skip":true}]},"11":{"line":89,"type":"binary-expr","locations":[{"start":{"line":89,"column":20},"end":{"line":89,"column":25},"skip":true},{"start":{"line":89,"column":29},"end":{"line":89,"column":48},"skip":true},{"start":{"line":89,"column":52},"end":{"line":89,"column":74},"skip":true}]},"12":{"line":92,"type":"if","locations":[{"start":{"line":92,"column":16},"end":{"line":92,"column":16},"skip":true},{"start":{"line":92,"column":16},"end":{"line":92,"column":16},"skip":true}]},"13":{"line":108,"type":"if","locations":[{"start":{"line":108,"column":12},"end":{"line":108,"column":12},"skip":true},{"start":{"line":108,"column":12},"end":{"line":108,"column":12},"skip":true}]},"14":{"line":108,"type":"binary-expr","locations":[{"start":{"line":108,"column":16},"end":{"line":108,"column":61},"skip":true},{"start":{"line":108,"column":66},"end":{"line":108,"column":72},"skip":true},{"start":{"line":108,"column":77},"end":{"line":108,"column":82},"skip":true},{"start":{"line":109,"column":20},"end":{"line":109,"column":39},"skip":true},{"start":{"line":110,"column":20},"end":{"line":110,"column":49},"skip":true},{"start":{"line":111,"column":20},"end":{"line":111,"column":58},"skip":true},{"start":{"line":112,"column":20},"end":{"line":112,"column":68},"skip":true}]},"15":{"line":129,"type":"if","locations":[{"start":{"line":129,"column":16},"end":{"line":129,"column":16},"skip":true},{"start":{"line":129,"column":16},"end":{"line":129,"column":16},"skip":true}]},"16":{"line":134,"type":"cond-expr","locations":[{"start":{"line":135,"column":26},"end":{"line":135,"column":29},"skip":true},{"start":{"line":136,"column":26},"end":{"line":136,"column":54},"skip":true}]},"17":{"line":164,"type":"binary-expr","locations":[{"start":{"line":164,"column":27},"end":{"line":164,"column":43},"skip":true},{"start":{"line":164,"column":47},"end":{"line":164,"column":49},"skip":true}]},"18":{"line":258,"type":"if","locations":[{"start":{"line":258,"column":8},"end":{"line":258,"column":8},"skip":true},{"start":{"line":258,"column":8},"end":{"line":258,"column":8},"skip":true}]},"19":{"line":275,"type":"switch","locations":[{"start":{"line":276,"column":20},"end":{"line":277,"column":64},"skip":true},{"start":{"line":278,"column":20},"end":{"line":279,"column":40},"skip":true},{"start":{"line":280,"column":20},"end":{"line":281,"column":40},"skip":true},{"start":{"line":282,"column":20},"end":{"line":283,"column":39},"skip":true}]},"20":{"line":288,"type":"if","locations":[{"start":{"line":288,"column":8},"end":{"line":288,"column":8},"skip":true},{"start":{"line":288,"column":8},"end":{"line":288,"column":8},"skip":true}]},"21":{"line":288,"type":"binary-expr","locations":[{"start":{"line":288,"column":12},"end":{"line":288,"column":40},"skip":true},{"start":{"line":288,"column":44},"end":{"line":288,"column":67},"skip":true}]},"22":{"line":292,"type":"binary-expr","locations":[{"start":{"line":292,"column":12},"end":{"line":292,"column":50},"skip":true},{"start":{"line":293,"column":12},"end":{"line":293,"column":53},"skip":true}]},"23":{"line":297,"type":"binary-expr","locations":[{"start":{"line":297,"column":12},"end":{"line":297,"column":61},"skip":true},{"start":{"line":298,"column":12},"end":{"line":301,"column":36},"skip":true}]},"24":{"line":303,"type":"binary-expr","locations":[{"start":{"line":303,"column":43},"end":{"line":303,"column":75},"skip":true},{"start":{"line":303,"column":79},"end":{"line":303,"column":81},"skip":true}]},"25":{"line":306,"type":"if","locations":[{"start":{"line":306,"column":8},"end":{"line":306,"column":8},"skip":true},{"start":{"line":306,"column":8},"end":{"line":306,"column":8},"skip":true}]},"26":{"line":310,"type":"if","locations":[{"start":{"line":310,"column":8},"end":{"line":310,"column":8},"skip":true},{"start":{"line":310,"column":8},"end":{"line":310,"column":8},"skip":true}]},"27":{"line":313,"type":"binary-expr","locations":[{"start":{"line":313,"column":27},"end":{"line":313,"column":43},"skip":true},{"start":{"line":313,"column":47},"end":{"line":313,"column":53},"skip":true}]},"28":{"line":317,"type":"if","locations":[{"start":{"line":317,"column":12},"end":{"line":317,"column":12},"skip":true},{"start":{"line":317,"column":12},"end":{"line":317,"column":12},"skip":true}]}},"code":["/*","example.js","","quickstart example","","instruction","    1. save this script as example.js","    2. run the shell command:","        $ npm install npmtest-ied && PORT=8081 node example.js","    3. play with the browser-demo on http://127.0.0.1:8081","*/","","","","/* istanbul instrument in package npmtest_ied */","/*jslint","    bitwise: true,","    browser: true,","    maxerr: 8,","    maxlen: 96,","    node: true,","    nomen: true,","    regexp: true,","    stupid: true","*/","(function () {","    'use strict';","    var local;","","","","    // run shared js-env code - pre-init","    (function () {","        // init local","        local = {};","        // init modeJs","        local.modeJs = (function () {","            try {","                return typeof navigator.userAgent === 'string' &&","                    typeof document.querySelector('body') === 'object' &&","                    typeof XMLHttpRequest.prototype.open === 'function' &&","                    'browser';","            } catch (errorCaughtBrowser) {","                return module.exports &&","                    typeof process.versions.node === 'string' &&","                    typeof require('http').createServer === 'function' &&","                    'node';","            }","        }());","        // init global","        local.global = local.modeJs === 'browser'","            ? window","            : global;","        // init utility2_rollup","        local = local.global.utility2_rollup || (local.modeJs === 'browser'","            ? local.global.utility2_npmtest_ied","            : global.utility2_moduleExports);","        // export local","        local.global.local = local;","    }());","    switch (local.modeJs) {","","","","    // post-init","    // run browser js-env code - post-init","    /* istanbul ignore next */","    case 'browser':","        local.testRunBrowser = function (event) {","            if (!event || (event &&","                    event.currentTarget &&","                    event.currentTarget.className &&","                    event.currentTarget.className.includes &&","                    event.currentTarget.className.includes('onreset'))) {","                // reset output","                Array.from(","                    document.querySelectorAll('body > .resettable')","                ).forEach(function (element) {","                    switch (element.tagName) {","                    case 'INPUT':","                    case 'TEXTAREA':","                        element.value = '';","                        break;","                    default:","                        element.textContent = '';","                    }","                });","            }","            switch (event && event.currentTarget && event.currentTarget.id) {","            case 'testRunButton1':","                // show tests","                if (document.querySelector('#testReportDiv1').style.display === 'none') {","                    document.querySelector('#testReportDiv1').style.display = 'block';","                    document.querySelector('#testRunButton1').textContent =","                        'hide internal test';","                    local.modeTest = true;","                    local.testRunDefault(local);","                // hide tests","                } else {","                    document.querySelector('#testReportDiv1').style.display = 'none';","                    document.querySelector('#testRunButton1').textContent = 'run internal test';","                }","                break;","            // custom-case","            default:","                break;","            }","            if (document.querySelector('#inputTextareaEval1') && (!event || (event &&","                    event.currentTarget &&","                    event.currentTarget.className &&","                    event.currentTarget.className.includes &&","                    event.currentTarget.className.includes('oneval')))) {","                // try to eval input-code","                try {","                    /*jslint evil: true*/","                    eval(document.querySelector('#inputTextareaEval1').value);","                } catch (errorCaught) {","                    console.error(errorCaught);","                }","            }","        };","        // log stderr and stdout to #outputTextareaStdout1","        ['error', 'log'].forEach(function (key) {","            console[key + '_original'] = console[key];","            console[key] = function () {","                var element;","                console[key + '_original'].apply(console, arguments);","                element = document.querySelector('#outputTextareaStdout1');","                if (!element) {","                    return;","                }","                // append text to #outputTextareaStdout1","                element.value += Array.from(arguments).map(function (arg) {","                    return typeof arg === 'string'","                        ? arg","                        : JSON.stringify(arg, null, 4);","                }).join(' ') + '\\n';","                // scroll textarea to bottom","                element.scrollTop = element.scrollHeight;","            };","        });","        // init event-handling","        ['change', 'click', 'keyup'].forEach(function (event) {","            Array.from(document.querySelectorAll('.on' + event)).forEach(function (element) {","                element.addEventListener(event, local.testRunBrowser);","            });","        });","        // run tests","        local.testRunBrowser();","        break;","","","","    // run node js-env code - post-init","    /* istanbul ignore next */","    case 'node':","        // export local","        module.exports = local;","        // require modules","        local.fs = require('fs');","        local.http = require('http');","        local.url = require('url');","        // init assets","        local.assetsDict = local.assetsDict || {};","        /* jslint-ignore-begin */","        local.assetsDict['/assets.index.template.html'] = '\\","<!doctype html>\\n\\","<html lang=\"en\">\\n\\","<head>\\n\\","<meta charset=\"UTF-8\">\\n\\","<meta name=\"viewport\" content=\"width=device-width, initial-scale=1\">\\n\\","<title>{{env.npm_package_name}} (v{{env.npm_package_version}})</title>\\n\\","<style>\\n\\","/*csslint\\n\\","    box-sizing: false,\\n\\","    universal-selector: false\\n\\","*/\\n\\","* {\\n\\","    box-sizing: border-box;\\n\\","}\\n\\","body {\\n\\","    background: #dde;\\n\\","    font-family: Arial, Helvetica, sans-serif;\\n\\","    margin: 2rem;\\n\\","}\\n\\","body > * {\\n\\","    margin-bottom: 1rem;\\n\\","}\\n\\",".utility2FooterDiv {\\n\\","    margin-top: 20px;\\n\\","    text-align: center;\\n\\","}\\n\\","</style>\\n\\","<style>\\n\\","/*csslint\\n\\","*/\\n\\","textarea {\\n\\","    font-family: monospace;\\n\\","    height: 10rem;\\n\\","    width: 100%;\\n\\","}\\n\\","textarea[readonly] {\\n\\","    background: #ddd;\\n\\","}\\n\\","</style>\\n\\","</head>\\n\\","<body>\\n\\","<!-- utility2-comment\\n\\","<div id=\"ajaxProgressDiv1\" style=\"background: #d00; height: 2px; left: 0; margin: 0; padding: 0; position: fixed; top: 0; transition: background 0.5s, width 1.5s; width: 25%;\"></div>\\n\\","utility2-comment -->\\n\\","<h1>\\n\\","<!-- utility2-comment\\n\\","    <a\\n\\","        {{#if env.npm_package_homepage}}\\n\\","        href=\"{{env.npm_package_homepage}}\"\\n\\","        {{/if env.npm_package_homepage}}\\n\\","        target=\"_blank\"\\n\\","    >\\n\\","utility2-comment -->\\n\\","        {{env.npm_package_name}} (v{{env.npm_package_version}})\\n\\","<!-- utility2-comment\\n\\","    </a>\\n\\","utility2-comment -->\\n\\","</h1>\\n\\","<h3>{{env.npm_package_description}}</h3>\\n\\","<!-- utility2-comment\\n\\","<h4><a download href=\"assets.app.js\">download standalone app</a></h4>\\n\\","<button class=\"onclick onreset\" id=\"testRunButton1\">run internal test</button><br>\\n\\","<div id=\"testReportDiv1\" style=\"display: none;\"></div>\\n\\","utility2-comment -->\\n\\","\\n\\","\\n\\","\\n\\","<label>stderr and stdout</label>\\n\\","<textarea class=\"resettable\" id=\"outputTextareaStdout1\" readonly></textarea>\\n\\","<!-- utility2-comment\\n\\","{{#if isRollup}}\\n\\","<script src=\"assets.app.js\"></script>\\n\\","{{#unless isRollup}}\\n\\","utility2-comment -->\\n\\","<script src=\"assets.utility2.rollup.js\"></script>\\n\\","<script src=\"jsonp.utility2._stateInit?callback=window.utility2._stateInit\"></script>\\n\\","<script src=\"assets.npmtest_ied.rollup.js\"></script>\\n\\","<script src=\"assets.example.js\"></script>\\n\\","<script src=\"assets.test.js\"></script>\\n\\","<!-- utility2-comment\\n\\","{{/if isRollup}}\\n\\","utility2-comment -->\\n\\","<div class=\"utility2FooterDiv\">\\n\\","    [ this app was created with\\n\\","    <a href=\"https://github.com/kaizhu256/node-utility2\" target=\"_blank\">utility2</a>\\n\\","    ]\\n\\","</div>\\n\\","</body>\\n\\","</html>\\n\\","';","        /* jslint-ignore-end */","        if (local.templateRender) {","            local.assetsDict['/'] = local.templateRender(","                local.assetsDict['/assets.index.template.html'],","                {","                    env: local.objectSetDefault(local.env, {","                        npm_package_description: 'the greatest app in the world!',","                        npm_package_name: 'my-app',","                        npm_package_nameAlias: 'my_app',","                        npm_package_version: '0.0.1'","                    })","                }","            );","        } else {","            local.assetsDict['/'] = local.assetsDict['/assets.index.template.html']","                .replace((/\\{\\{env\\.(\\w+?)\\}\\}/g), function (match0, match1) {","                    // jslint-hack","                    String(match0);","                    switch (match1) {","                    case 'npm_package_description':","                        return 'the greatest app in the world!';","                    case 'npm_package_name':","                        return 'my-app';","                    case 'npm_package_nameAlias':","                        return 'my_app';","                    case 'npm_package_version':","                        return '0.0.1';","                    }","                });","        }","        // run the cli","        if (local.global.utility2_rollup || module !== require.main) {","            break;","        }","        local.assetsDict['/assets.example.js'] =","            local.assetsDict['/assets.example.js'] ||","            local.fs.readFileSync(__filename, 'utf8');","        // bug-workaround - long $npm_package_buildCustomOrg","        /* jslint-ignore-begin */","        local.assetsDict['/assets.npmtest_ied.rollup.js'] =","            local.assetsDict['/assets.npmtest_ied.rollup.js'] ||","            local.fs.readFileSync(","                local.npmtest_ied.__dirname + '/lib.npmtest_ied.js',","                'utf8'","            ).replace((/^#!/), '//');","        /* jslint-ignore-end */","        local.assetsDict['/favicon.ico'] = local.assetsDict['/favicon.ico'] || '';","        // if $npm_config_timeout_exit exists,","        // then exit this process after $npm_config_timeout_exit ms","        if (Number(process.env.npm_config_timeout_exit)) {","            setTimeout(process.exit, Number(process.env.npm_config_timeout_exit));","        }","        // start server","        if (local.global.utility2_serverHttp1) {","            break;","        }","        process.env.PORT = process.env.PORT || '8081';","        console.error('server starting on port ' + process.env.PORT);","        local.http.createServer(function (request, response) {","            request.urlParsed = local.url.parse(request.url);","            if (local.assetsDict[request.urlParsed.pathname] !== undefined) {","                response.end(local.assetsDict[request.urlParsed.pathname]);","                return;","            }","            response.statusCode = 404;","            response.end();","        }).listen(process.env.PORT);","        break;","    }","}());",""],"l":{"26":2,"28":2,"33":2,"35":2,"37":2,"38":2,"39":2,"44":1,"51":2,"55":2,"59":2,"61":2,"69":1,"70":2,"76":2,"79":2,"82":2,"83":2,"85":1,"89":2,"92":1,"93":1,"94":1,"96":1,"97":1,"100":1,"101":1,"103":1,"106":1,"108":2,"114":1,"116":1,"118":1,"123":1,"124":2,"125":2,"126":3,"127":3,"128":3,"129":3,"130":1,"133":3,"134":3,"139":3,"143":1,"144":3,"145":1,"149":1,"150":1,"158":1,"160":1,"161":1,"162":1,"164":1,"166":1,"258":1,"259":1,"271":1,"274":6,"275":6,"277":1,"279":2,"281":1,"283":2,"288":1,"289":1,"291":1,"296":1,"303":1,"306":1,"307":1,"310":1,"311":1,"313":1,"314":1,"315":1,"316":1,"317":1,"318":1,"319":1,"321":1,"322":1,"324":1}},"/home/travis/build/npmtest/node-npmtest-ied/node_modules/ied/lib/cmd.js":{"path":"/home/travis/build/npmtest/node-npmtest-ied/node_modules/ied/lib/cmd.js","s":{"1":1,"2":0,"3":0,"4":0,"5":0,"6":0,"7":0,"8":1,"9":1,"10":0,"11":0,"12":0,"13":0,"14":0,"15":0,"16":0,"17":0,"18":0,"19":0,"20":0,"21":0,"22":0,"23":0,"24":0,"25":0,"26":0,"27":1,"28":1,"29":1,"30":0,"31":0,"32":0,"33":1,"34":1,"35":1,"36":1,"37":1,"38":1,"39":1,"40":0,"41":0,"42":0,"43":0,"44":0,"45":0,"46":0,"47":1,"48":1,"49":1,"50":1,"51":1,"52":1,"53":1,"54":1,"55":1,"56":1,"57":0,"58":1,"59":1,"60":1,"61":1,"62":1,"63":1,"64":1,"65":1,"66":1,"67":1,"68":1,"69":1,"70":1,"71":0,"72":0,"73":0,"74":1,"75":0,"76":0,"77":0,"78":1,"79":1,"80":0,"81":0,"82":0,"83":0,"84":0,"85":0,"86":0,"87":0,"88":0,"89":0,"90":0,"91":0,"92":0,"93":0,"94":0,"95":0,"96":0,"97":0,"98":0,"99":0,"100":0,"101":0,"102":0,"103":0,"104":0,"105":0,"106":0,"107":0,"108":0,"109":0,"110":0,"111":0,"112":0,"113":1,"114":1},"b":{"1":[1,0],"2":[0,0],"3":[0,0],"4":[0,0],"5":[0,0],"6":[0,0],"7":[0,0],"8":[1,0],"9":[0,0],"10":[1,0],"11":[1,1],"12":[0,0],"13":[0,0],"14":[0,1],"15":[1,1],"16":[1,0],"17":[0,1],"18":[0,1],"19":[0,1],"20":[0,0,0,0,0,0,0,0,0,0,0,0,0,0,0,0,0,0,0,0,1]},"f":{"1":0,"2":1,"3":0,"4":1,"5":1,"6":1,"7":1},"fnMap":{"1":{"name":"(anonymous_1)","line":4,"loc":{"start":{"line":4,"column":32},"end":{"line":4,"column":50}}},"2":{"name":"(anonymous_2)","line":6,"loc":{"start":{"line":6,"column":21},"end":{"line":6,"column":33}}},"3":{"name":"sliceIterator","line":6,"loc":{"start":{"line":6,"column":35},"end":{"line":6,"column":66}}},"4":{"name":"(anonymous_4)","line":6,"loc":{"start":{"line":6,"column":436},"end":{"line":6,"column":454}}},"5":{"name":"_interopRequireWildcard","line":16,"loc":{"start":{"line":16,"column":0},"end":{"line":16,"column":38}}},"6":{"name":"_interopRequireDefault","line":18,"loc":{"start":{"line":18,"column":0},"end":{"line":18,"column":37}}},"7":{"name":"(anonymous_7)","line":58,"loc":{"start":{"line":58,"column":1},"end":{"line":58,"column":13}}}},"statementMap":{"1":{"start":{"line":4,"column":0},"end":{"line":4,"column":257}},"2":{"start":{"line":4,"column":52},"end":{"line":4,"column":239}},"3":{"start":{"line":4,"column":97},"end":{"line":4,"column":123}},"4":{"start":{"line":4,"column":124},"end":{"line":4,"column":237}},"5":{"start":{"line":4,"column":150},"end":{"line":4,"column":235}},"6":{"start":{"line":4,"column":207},"end":{"line":4,"column":233}},"7":{"start":{"line":4,"column":240},"end":{"line":4,"column":254}},"8":{"start":{"line":6,"column":0},"end":{"line":6,"column":664}},"9":{"start":{"line":6,"column":35},"end":{"line":6,"column":428}},"10":{"start":{"line":6,"column":68},"end":{"line":6,"column":82}},"11":{"start":{"line":6,"column":83},"end":{"line":6,"column":97}},"12":{"start":{"line":6,"column":98},"end":{"line":6,"column":113}},"13":{"start":{"line":6,"column":114},"end":{"line":6,"column":133}},"14":{"start":{"line":6,"column":134},"end":{"line":6,"column":413}},"15":{"start":{"line":6,"column":140},"end":{"line":6,"column":283}},"16":{"start":{"line":6,"column":226},"end":{"line":6,"column":246}},"17":{"start":{"line":6,"column":247},"end":{"line":6,"column":281}},"18":{"start":{"line":6,"column":275},"end":{"line":6,"column":281}},"19":{"start":{"line":6,"column":300},"end":{"line":6,"column":310}},"20":{"start":{"line":6,"column":311},"end":{"line":6,"column":320}},"21":{"start":{"line":6,"column":333},"end":{"line":6,"column":411}},"22":{"start":{"line":6,"column":339},"end":{"line":6,"column":379}},"23":{"start":{"line":6,"column":364},"end":{"line":6,"column":379}},"24":{"start":{"line":6,"column":392},"end":{"line":6,"column":409}},"25":{"start":{"line":6,"column":400},"end":{"line":6,"column":409}},"26":{"start":{"line":6,"column":414},"end":{"line":6,"column":426}},"27":{"start":{"line":6,"column":429},"end":{"line":6,"column":659}},"28":{"start":{"line":6,"column":456},"end":{"line":6,"column":656}},"29":{"start":{"line":6,"column":482},"end":{"line":6,"column":493}},"30":{"start":{"line":6,"column":501},"end":{"line":6,"column":656}},"31":{"start":{"line":6,"column":539},"end":{"line":6,"column":568}},"32":{"start":{"line":6,"column":578},"end":{"line":6,"column":654}},"33":{"start":{"line":8,"column":0},"end":{"line":8,"column":36}},"34":{"start":{"line":10,"column":0},"end":{"line":10,"column":51}},"35":{"start":{"line":12,"column":0},"end":{"line":12,"column":34}},"36":{"start":{"line":14,"column":0},"end":{"line":14,"column":46}},"37":{"start":{"line":16,"column":0},"end":{"line":16,"column":269}},"38":{"start":{"line":16,"column":40},"end":{"line":16,"column":267}},"39":{"start":{"line":16,"column":69},"end":{"line":16,"column":80}},"40":{"start":{"line":16,"column":90},"end":{"line":16,"column":106}},"41":{"start":{"line":16,"column":107},"end":{"line":16,"column":228}},"42":{"start":{"line":16,"column":126},"end":{"line":16,"column":226}},"43":{"start":{"line":16,"column":149},"end":{"line":16,"column":224}},"44":{"start":{"line":16,"column":201},"end":{"line":16,"column":224}},"45":{"start":{"line":16,"column":229},"end":{"line":16,"column":250}},"46":{"start":{"line":16,"column":251},"end":{"line":16,"column":265}},"47":{"start":{"line":18,"column":0},"end":{"line":18,"column":95}},"48":{"start":{"line":18,"column":39},"end":{"line":18,"column":93}},"49":{"start":{"line":20,"column":0},"end":{"line":22,"column":1}},"50":{"start":{"line":21,"column":1},"end":{"line":21,"column":41}},"51":{"start":{"line":24,"column":0},"end":{"line":33,"column":2}},"52":{"start":{"line":35,"column":0},"end":{"line":35,"column":26}},"53":{"start":{"line":37,"column":0},"end":{"line":37,"column":94}},"54":{"start":{"line":39,"column":0},"end":{"line":39,"column":24}},"55":{"start":{"line":40,"column":0},"end":{"line":40,"column":110}},"56":{"start":{"line":42,"column":0},"end":{"line":44,"column":1}},"57":{"start":{"line":43,"column":1},"end":{"line":43,"column":33}},"58":{"start":{"line":46,"column":0},"end":{"line":46,"column":24}},"59":{"start":{"line":47,"column":0},"end":{"line":47,"column":22}},"60":{"start":{"line":48,"column":0},"end":{"line":48,"column":20}},"61":{"start":{"line":49,"column":0},"end":{"line":49,"column":21}},"62":{"start":{"line":50,"column":0},"end":{"line":50,"column":23}},"63":{"start":{"line":51,"column":0},"end":{"line":51,"column":21}},"64":{"start":{"line":52,"column":0},"end":{"line":52,"column":21}},"65":{"start":{"line":53,"column":0},"end":{"line":53,"column":23}},"66":{"start":{"line":54,"column":0},"end":{"line":54,"column":21}},"67":{"start":{"line":55,"column":0},"end":{"line":55,"column":24}},"68":{"start":{"line":56,"column":0},"end":{"line":56,"column":22}},"69":{"start":{"line":58,"column":0},"end":{"line":132,"column":5}},"70":{"start":{"line":59,"column":1},"end":{"line":63,"column":2}},"71":{"start":{"line":60,"column":2},"end":{"line":60,"column":42}},"72":{"start":{"line":61,"column":2},"end":{"line":61,"column":24}},"73":{"start":{"line":62,"column":2},"end":{"line":62,"column":9}},"74":{"start":{"line":65,"column":1},"end":{"line":69,"column":2}},"75":{"start":{"line":66,"column":2},"end":{"line":66,"column":48}},"76":{"start":{"line":67,"column":2},"end":{"line":67,"column":27}},"77":{"start":{"line":68,"column":2},"end":{"line":68,"column":9}},"78":{"start":{"line":71,"column":1},"end":{"line":72,"column":29}},"79":{"start":{"line":74,"column":1},"end":{"line":131,"column":2}},"80":{"start":{"line":77,"column":3},"end":{"line":77,"column":49}},"81":{"start":{"line":78,"column":3},"end":{"line":78,"column":37}},"82":{"start":{"line":79,"column":3},"end":{"line":79,"column":9}},"83":{"start":{"line":82,"column":3},"end":{"line":82,"column":45}},"84":{"start":{"line":83,"column":3},"end":{"line":83,"column":29}},"85":{"start":{"line":84,"column":3},"end":{"line":84,"column":9}},"86":{"start":{"line":88,"column":3},"end":{"line":88,"column":41}},"87":{"start":{"line":89,"column":3},"end":{"line":89,"column":33}},"88":{"start":{"line":90,"column":3},"end":{"line":90,"column":9}},"89":{"start":{"line":96,"column":3},"end":{"line":96,"column":41}},"90":{"start":{"line":97,"column":3},"end":{"line":97,"column":78}},"91":{"start":{"line":98,"column":3},"end":{"line":98,"column":9}},"92":{"start":{"line":100,"column":3},"end":{"line":100,"column":43}},"93":{"start":{"line":101,"column":3},"end":{"line":101,"column":13}},"94":{"start":{"line":102,"column":3},"end":{"line":102,"column":9}},"95":{"start":{"line":105,"column":3},"end":{"line":105,"column":47}},"96":{"start":{"line":106,"column":3},"end":{"line":106,"column":15}},"97":{"start":{"line":107,"column":3},"end":{"line":107,"column":9}},"98":{"start":{"line":109,"column":3},"end":{"line":109,"column":43}},"99":{"start":{"line":110,"column":3},"end":{"line":110,"column":22}},"100":{"start":{"line":111,"column":3},"end":{"line":111,"column":9}},"101":{"start":{"line":113,"column":3},"end":{"line":113,"column":43}},"102":{"start":{"line":114,"column":3},"end":{"line":114,"column":34}},"103":{"start":{"line":115,"column":3},"end":{"line":115,"column":9}},"104":{"start":{"line":117,"column":3},"end":{"line":117,"column":47}},"105":{"start":{"line":118,"column":3},"end":{"line":118,"column":36}},"106":{"start":{"line":119,"column":3},"end":{"line":119,"column":9}},"107":{"start":{"line":121,"column":3},"end":{"line":121,"column":45}},"108":{"start":{"line":122,"column":3},"end":{"line":122,"column":23}},"109":{"start":{"line":123,"column":3},"end":{"line":123,"column":9}},"110":{"start":{"line":125,"column":3},"end":{"line":125,"column":49}},"111":{"start":{"line":126,"column":3},"end":{"line":126,"column":28}},"112":{"start":{"line":127,"column":3},"end":{"line":127,"column":9}},"113":{"start":{"line":129,"column":3},"end":{"line":129,"column":43}},"114":{"start":{"line":130,"column":3},"end":{"line":130,"column":25}}},"branchMap":{"1":{"line":4,"type":"binary-expr","locations":[{"start":{"line":4,"column":15},"end":{"line":4,"column":28}},{"start":{"line":4,"column":32},"end":{"line":4,"column":256}}]},"2":{"line":4,"type":"if","locations":[{"start":{"line":4,"column":150},"end":{"line":4,"column":150}},{"start":{"line":4,"column":150},"end":{"line":4,"column":150}}]},"3":{"line":6,"type":"if","locations":[{"start":{"line":6,"column":247},"end":{"line":6,"column":247}},{"start":{"line":6,"column":247},"end":{"line":6,"column":247}}]},"4":{"line":6,"type":"binary-expr","locations":[{"start":{"line":6,"column":251},"end":{"line":6,"column":252}},{"start":{"line":6,"column":256},"end":{"line":6,"column":273}}]},"5":{"line":6,"type":"if","locations":[{"start":{"line":6,"column":339},"end":{"line":6,"column":339}},{"start":{"line":6,"column":339},"end":{"line":6,"column":339}}]},"6":{"line":6,"type":"binary-expr","locations":[{"start":{"line":6,"column":343},"end":{"line":6,"column":346}},{"start":{"line":6,"column":350},"end":{"line":6,"column":362}}]},"7":{"line":6,"type":"if","locations":[{"start":{"line":6,"column":392},"end":{"line":6,"column":392}},{"start":{"line":6,"column":392},"end":{"line":6,"column":392}}]},"8":{"line":6,"type":"if","locations":[{"start":{"line":6,"column":456},"end":{"line":6,"column":456}},{"start":{"line":6,"column":456},"end":{"line":6,"column":456}}]},"9":{"line":6,"type":"if","locations":[{"start":{"line":6,"column":501},"end":{"line":6,"column":501}},{"start":{"line":6,"column":501},"end":{"line":6,"column":501}}]},"10":{"line":16,"type":"if","locations":[{"start":{"line":16,"column":40},"end":{"line":16,"column":40}},{"start":{"line":16,"column":40},"end":{"line":16,"column":40}}]},"11":{"line":16,"type":"binary-expr","locations":[{"start":{"line":16,"column":44},"end":{"line":16,"column":47}},{"start":{"line":16,"column":51},"end":{"line":16,"column":65}}]},"12":{"line":16,"type":"if","locations":[{"start":{"line":16,"column":107},"end":{"line":16,"column":107}},{"start":{"line":16,"column":107},"end":{"line":16,"column":107}}]},"13":{"line":16,"type":"if","locations":[{"start":{"line":16,"column":149},"end":{"line":16,"column":149}},{"start":{"line":16,"column":149},"end":{"line":16,"column":149}}]},"14":{"line":18,"type":"cond-expr","locations":[{"start":{"line":18,"column":70},"end":{"line":18,"column":73}},{"start":{"line":18,"column":76},"end":{"line":18,"column":92}}]},"15":{"line":18,"type":"binary-expr","locations":[{"start":{"line":18,"column":46},"end":{"line":18,"column":49}},{"start":{"line":18,"column":53},"end":{"line":18,"column":67}}]},"16":{"line":20,"type":"if","locations":[{"start":{"line":20,"column":0},"end":{"line":20,"column":0}},{"start":{"line":20,"column":0},"end":{"line":20,"column":0}}]},"17":{"line":42,"type":"if","locations":[{"start":{"line":42,"column":0},"end":{"line":42,"column":0}},{"start":{"line":42,"column":0},"end":{"line":42,"column":0}}]},"18":{"line":59,"type":"if","locations":[{"start":{"line":59,"column":1},"end":{"line":59,"column":1}},{"start":{"line":59,"column":1},"end":{"line":59,"column":1}}]},"19":{"line":65,"type":"if","locations":[{"start":{"line":65,"column":1},"end":{"line":65,"column":1}},{"start":{"line":65,"column":1},"end":{"line":65,"column":1}}]},"20":{"line":74,"type":"switch","locations":[{"start":{"line":75,"column":2},"end":{"line":75,"column":11}},{"start":{"line":76,"column":2},"end":{"line":79,"column":9}},{"start":{"line":80,"column":2},"end":{"line":80,"column":12}},{"start":{"line":81,"column":2},"end":{"line":84,"column":9}},{"start":{"line":85,"column":2},"end":{"line":85,"column":11}},{"start":{"line":86,"column":2},"end":{"line":86,"column":13}},{"start":{"line":87,"column":2},"end":{"line":90,"column":9}},{"start":{"line":91,"column":2},"end":{"line":91,"column":11}},{"start":{"line":92,"column":2},"end":{"line":92,"column":14}},{"start":{"line":93,"column":2},"end":{"line":93,"column":15}},{"start":{"line":94,"column":2},"end":{"line":94,"column":15}},{"start":{"line":95,"column":2},"end":{"line":98,"column":9}},{"start":{"line":99,"column":2},"end":{"line":102,"column":9}},{"start":{"line":103,"column":2},"end":{"line":103,"column":14}},{"start":{"line":104,"column":2},"end":{"line":107,"column":9}},{"start":{"line":108,"column":2},"end":{"line":111,"column":9}},{"start":{"line":112,"column":2},"end":{"line":115,"column":9}},{"start":{"line":116,"column":2},"end":{"line":119,"column":9}},{"start":{"line":120,"column":2},"end":{"line":123,"column":9}},{"start":{"line":124,"column":2},"end":{"line":127,"column":9}},{"start":{"line":128,"column":2},"end":{"line":130,"column":25}}]}},"code":["//#!/usr/bin/env node","'use strict';","","var _extends = Object.assign || function (target) { for (var i = 1; i < arguments.length; i++) { var source = arguments[i]; for (var key in source) { if (Object.prototype.hasOwnProperty.call(source, key)) { target[key] = source[key]; } } } return target; };","","var _slicedToArray = function () { function sliceIterator(arr, i) { var _arr = []; var _n = true; var _d = false; var _e = undefined; try { for (var _i = arr[Symbol.iterator](), _s; !(_n = (_s = _i.next()).done); _n = true) { _arr.push(_s.value); if (i && _arr.length === i) break; } } catch (err) { _d = true; _e = err; } finally { try { if (!_n && _i[\"return\"]) _i[\"return\"](); } finally { if (_d) throw _e; } } return _arr; } return function (arr, i) { if (Array.isArray(arr)) { return arr; } else if (Symbol.iterator in Object(arr)) { return sliceIterator(arr, i); } else { throw new TypeError(\"Invalid attempt to destructure non-iterable instance\"); } }; }();","","var _minimist = require('minimist');","","var _minimist2 = _interopRequireDefault(_minimist);","","var _config = require('./config');","","var config = _interopRequireWildcard(_config);","","function _interopRequireWildcard(obj) { if (obj && obj.__esModule) { return obj; } else { var newObj = {}; if (obj != null) { for (var key in obj) { if (Object.prototype.hasOwnProperty.call(obj, key)) newObj[key] = obj[key]; } } newObj.default = obj; return newObj; } }","","function _interopRequireDefault(obj) { return obj && obj.__esModule ? obj : { default: obj }; }","","if (['development', 'test'].indexOf(process.env.NODE_ENV) !== -1) {","\trequire('source-map-support').install();","}","","var alias = {","\th: 'help',","\tv: 'version',","\tS: 'save',","\tD: 'save-dev',","\tO: 'save-optional',","\tr: 'registry',","\tb: 'build',","\tprod: 'production'","};","","var string = ['registry'];","","var boolean = ['help', 'version', 'save', 'save-dev', 'save-optional', 'build', 'production'];","","var cwd = process.cwd();","var argv = (0, _minimist2.default)(process.argv.slice(2), { alias: alias, string: string, boolean: boolean });","","if (argv.registry) {","\tconfig.registry = argv.registry;","}","","var installCmd = void 0;","var shellCmd = void 0;","var runCmd = void 0;","var pingCmd = void 0;","var configCmd = void 0;","var initCmd = void 0;","var linkCmd = void 0;","var unlinkCmd = void 0;","var helpCmd = void 0;","var versionCmd = void 0;","var cacheCmd = void 0;","","(function () {","\tif (argv.help) {","\t\thelpCmd = require('./help_cmd').default;","\t\thelpCmd().subscribe();","\t\treturn;","\t}","","\tif (argv.version) {","\t\tversionCmd = require('./version_cmd').default;","\t\tversionCmd().subscribe();","\t\treturn;","\t}","","\tvar _argv$_ = _slicedToArray(argv._, 1),","\t    subCommand = _argv$_[0];","","\tswitch (subCommand) {","\t\tcase 'i':","\t\tcase 'install':","\t\t\tinstallCmd = require('./install_cmd').default;","\t\t\tinstallCmd(cwd, argv).subscribe();","\t\t\tbreak;","\t\tcase 'sh':","\t\tcase 'shell':","\t\t\tshellCmd = require('./shell_cmd').default;","\t\t\tshellCmd(cwd).subscribe();","\t\t\tbreak;","\t\tcase 'r':","\t\tcase 'run':","\t\tcase 'run-script':","\t\t\trunCmd = require('./run_cmd').default;","\t\t\trunCmd(cwd, argv).subscribe();","\t\t\tbreak;","\t\tcase 't':","\t\tcase 'test':","\t\tcase 'start':","\t\tcase 'build':","\t\tcase 'stop':","\t\t\trunCmd = require('./run_cmd').default;","\t\t\trunCmd(cwd, _extends({}, argv, { _: ['run'].concat(argv._) })).subscribe();","\t\t\tbreak;","\t\tcase 'ping':","\t\t\tpingCmd = require('./ping_cmd').default;","\t\t\tpingCmd();","\t\t\tbreak;","\t\tcase 'conf':","\t\tcase 'config':","\t\t\tconfigCmd = require('./config_cmd').default;","\t\t\tconfigCmd();","\t\t\tbreak;","\t\tcase 'init':","\t\t\tinitCmd = require('./init_cmd').default;","\t\t\tinitCmd(cwd, argv);","\t\t\tbreak;","\t\tcase 'link':","\t\t\tlinkCmd = require('./link_cmd').default;","\t\t\tlinkCmd(cwd, argv).subscribe();","\t\t\tbreak;","\t\tcase 'unlink':","\t\t\tunlinkCmd = require('./unlink_cmd').default;","\t\t\tunlinkCmd(cwd, argv).subscribe();","\t\t\tbreak;","\t\tcase 'cache':","\t\t\tcacheCmd = require('./cache_cmd').default;","\t\t\tcacheCmd(cwd, argv);","\t\t\tbreak;","\t\tcase 'version':","\t\t\tversionCmd = require('./version_cmd').default;","\t\t\tversionCmd().subscribe();","\t\t\tbreak;","\t\tdefault:","\t\t\thelpCmd = require('./help_cmd').default;","\t\t\thelpCmd().subscribe();","\t}","})();"],"l":{"4":1,"6":1,"8":1,"10":1,"12":1,"14":1,"16":1,"18":1,"20":1,"21":1,"24":1,"35":1,"37":1,"39":1,"40":1,"42":1,"43":0,"46":1,"47":1,"48":1,"49":1,"50":1,"51":1,"52":1,"53":1,"54":1,"55":1,"56":1,"58":1,"59":1,"60":0,"61":0,"62":0,"65":1,"66":0,"67":0,"68":0,"71":1,"74":1,"77":0,"78":0,"79":0,"82":0,"83":0,"84":0,"88":0,"89":0,"90":0,"96":0,"97":0,"98":0,"100":0,"101":0,"102":0,"105":0,"106":0,"107":0,"109":0,"110":0,"111":0,"113":0,"114":0,"115":0,"117":0,"118":0,"119":0,"121":0,"122":0,"123":0,"125":0,"126":0,"127":0,"129":1,"130":1}},"/home/travis/build/npmtest/node-npmtest-ied/node_modules/ied/lib/config.js":{"path":"/home/travis/build/npmtest/node-npmtest-ied/node_modules/ied/lib/config.js","s":{"1":1,"2":1,"3":1,"4":1,"5":1,"6":1,"7":1,"8":1,"9":1,"10":1,"11":1,"12":1,"13":1,"14":1,"15":1,"16":1,"17":1,"18":1,"19":1},"b":{"1":[0,1],"2":[1,1],"3":[0,1],"4":[1,1],"5":[1,1],"6":[1,1],"7":[1,1],"8":[1,1,1],"9":[1,1],"10":[1,1,0],"11":[0,0],"12":[0,0],"13":[1,1],"14":[0,1],"15":[1,1],"16":[0,1]},"f":{"1":1},"fnMap":{"1":{"name":"_interopRequireDefault","line":12,"loc":{"start":{"line":12,"column":0},"end":{"line":12,"column":37}}}},"statementMap":{"1":{"start":{"line":3,"column":0},"end":{"line":5,"column":3}},"2":{"start":{"line":6,"column":0},"end":{"line":6,"column":239}},"3":{"start":{"line":8,"column":0},"end":{"line":8,"column":28}},"4":{"start":{"line":10,"column":0},"end":{"line":10,"column":43}},"5":{"start":{"line":12,"column":0},"end":{"line":12,"column":95}},"6":{"start":{"line":12,"column":39},"end":{"line":12,"column":93}},"7":{"start":{"line":14,"column":0},"end":{"line":17,"column":33}},"8":{"start":{"line":24,"column":0},"end":{"line":24,"column":57}},"9":{"start":{"line":30,"column":0},"end":{"line":30,"column":66}},"10":{"start":{"line":37,"column":0},"end":{"line":37,"column":84}},"11":{"start":{"line":44,"column":0},"end":{"line":44,"column":95}},"12":{"start":{"line":52,"column":0},"end":{"line":52,"column":126}},"13":{"start":{"line":61,"column":0},"end":{"line":61,"column":97}},"14":{"start":{"line":68,"column":0},"end":{"line":68,"column":68}},"15":{"start":{"line":75,"column":0},"end":{"line":75,"column":75}},"16":{"start":{"line":83,"column":0},"end":{"line":83,"column":102}},"17":{"start":{"line":91,"column":0},"end":{"line":91,"column":81}},"18":{"start":{"line":100,"column":0},"end":{"line":100,"column":69}},"19":{"start":{"line":108,"column":0},"end":{"line":111,"column":2}}},"branchMap":{"1":{"line":12,"type":"cond-expr","locations":[{"start":{"line":12,"column":70},"end":{"line":12,"column":73}},{"start":{"line":12,"column":76},"end":{"line":12,"column":92}}]},"2":{"line":12,"type":"binary-expr","locations":[{"start":{"line":12,"column":46},"end":{"line":12,"column":49}},{"start":{"line":12,"column":53},"end":{"line":12,"column":67}}]},"3":{"line":30,"type":"cond-expr","locations":[{"start":{"line":30,"column":42},"end":{"line":30,"column":55}},{"start":{"line":30,"column":58},"end":{"line":30,"column":64}}]},"4":{"line":37,"type":"binary-expr","locations":[{"start":{"line":37,"column":34},"end":{"line":37,"column":50}},{"start":{"line":37,"column":54},"end":{"line":37,"column":83}}]},"5":{"line":44,"type":"binary-expr","locations":[{"start":{"line":44,"column":34},"end":{"line":44,"column":51}},{"start":{"line":44,"column":55},"end":{"line":44,"column":94}}]},"6":{"line":52,"type":"binary-expr","locations":[{"start":{"line":52,"column":52},"end":{"line":52,"column":79}},{"start":{"line":52,"column":83},"end":{"line":52,"column":125}}]},"7":{"line":61,"type":"binary-expr","locations":[{"start":{"line":61,"column":36},"end":{"line":61,"column":54}},{"start":{"line":61,"column":58},"end":{"line":61,"column":96}}]},"8":{"line":68,"type":"binary-expr","locations":[{"start":{"line":68,"column":28},"end":{"line":68,"column":41}},{"start":{"line":68,"column":45},"end":{"line":68,"column":59}},{"start":{"line":68,"column":63},"end":{"line":68,"column":67}}]},"9":{"line":75,"type":"binary-expr","locations":[{"start":{"line":75,"column":32},"end":{"line":75,"column":69}},{"start":{"line":75,"column":73},"end":{"line":75,"column":74}}]},"10":{"line":83,"type":"binary-expr","locations":[{"start":{"line":83,"column":22},"end":{"line":83,"column":32}},{"start":{"line":83,"column":36},"end":{"line":83,"column":45}},{"start":{"line":83,"column":50},"end":{"line":83,"column":100}}]},"11":{"line":83,"type":"cond-expr","locations":[{"start":{"line":83,"column":73},"end":{"line":83,"column":93}},{"start":{"line":83,"column":96},"end":{"line":83,"column":100}}]},"12":{"line":83,"type":"binary-expr","locations":[{"start":{"line":83,"column":73},"end":{"line":83,"column":84}},{"start":{"line":83,"column":88},"end":{"line":83,"column":93}}]},"13":{"line":91,"type":"binary-expr","locations":[{"start":{"line":91,"column":30},"end":{"line":91,"column":45}},{"start":{"line":91,"column":50},"end":{"line":91,"column":79}}]},"14":{"line":91,"type":"cond-expr","locations":[{"start":{"line":91,"column":62},"end":{"line":91,"column":72}},{"start":{"line":91,"column":75},"end":{"line":91,"column":79}}]},"15":{"line":100,"type":"binary-expr","locations":[{"start":{"line":100,"column":40},"end":{"line":100,"column":60}},{"start":{"line":100,"column":64},"end":{"line":100,"column":68}}]},"16":{"line":110,"type":"cond-expr","locations":[{"start":{"line":110,"column":25},"end":{"line":110,"column":67}},{"start":{"line":110,"column":70},"end":{"line":110,"column":72}}]}},"code":["'use strict';","","Object.defineProperty(exports, \"__esModule\", {","  value: true","});","exports.httpOptions = exports.bearerToken = exports.shFlag = exports.sh = exports.retries = exports.proxy = exports.globalBin = exports.globalNodeModules = exports.cacheDir = exports.registry = exports.home = exports.isWindows = undefined;","","var _path = require('path');","","var _path2 = _interopRequireDefault(_path);","","function _interopRequireDefault(obj) { return obj && obj.__esModule ? obj : { default: obj }; }","","var _process = process,","    env = _process.env,","    platform = _process.platform,","    execPath = _process.execPath;","","/**"," * boolean value indicating whether or not we're running on `win32` (Windows)."," * @type {Boolean}"," */","","var isWindows = exports.isWindows = platform === 'win32';","","/**"," * absolute location of the user's home directory."," * @type {String}"," */","var home = exports.home = env[isWindows ? 'USERPROFILE' : 'HOME'];","","/**"," * registry endpoint configured via `IED_REGISTRY`, defaults to the npm"," * registry [`https://registry.npmjs.org/`]('https://registry.npmjs.org/')."," * @type {String}"," */","var registry = exports.registry = env.IED_REGISTRY || 'https://registry.npmjs.org/';","","/**"," * cache directory used for storing downloaded package tarballs. configurable"," * via `IED_CACHE_DIR`, default to `.ied_cache` in the user's home directory."," * @type {String}"," */","var cacheDir = exports.cacheDir = env.IED_CACHE_DIR || _path2.default.join(home, '.ied_cache');","","/**"," * directory used for globally installed `node_modules`."," * configurable via `IED_GLOBAL_NODE_MODULES`, default to `.node_modules` in"," * the user's home directory."," * @type {String}"," */","var globalNodeModules = exports.globalNodeModules = env.IED_GLOBAL_NODE_MODULES || _path2.default.join(home, '.node_modules');","","/**"," * similar to {@link globalNodeModules}. directory used for symlinks of"," * globally linked executables."," * configurable via `IED_GLOBAL_BIN`, default to parent of `process.execPath`"," * (location of `node` binary)."," * @type {String}"," */","var globalBin = exports.globalBin = env.IED_GLOBAL_BIN || _path2.default.resolve(execPath, '..');","","/**"," * proxy server endpoint. can be set via `IED_PROXY` or `http_proxy`. optional"," * and default to `null`."," * @type {String|null}"," */","var proxy = exports.proxy = env.IED_PROXY || env.http_proxy || null;","","/**"," * how often `ied` should retry HTTP requests before indicating failure."," * defaults to `5` requests. can be set via `IED_REQUEST_RETRIES`."," * @type {Number}"," */","var retries = exports.retries = parseInt(env.IED_REQUEST_RETRIES, 10) || 5;","","/**"," * shell command used for executing lifecycle scripts (such as `postinstall`)."," * platform dependent: default to `cmd` on Windows, otherwise use `sh`."," * can be overridden using `IED_SH`."," * @type {String}"," */","var sh = exports.sh = env.IED_SH || env.SHELL || (platform === 'win32' ? env.comspec || 'cmd' : 'sh');","","/**"," * additional flags supplied to the `sh` executable. platform dependent:"," * default to `/d /s /c` on Windows, otherwise use `-c`."," * can be overridden using `IED_SH_FLAG`."," * @type {String}"," */","var shFlag = exports.shFlag = env.IED_SH_FLAG || (isWindows ? '/d /s /c' : '-c');","","/**"," * bearer token used for downloading access restricted packages (scoped"," * modules). this token will be set as `Authorization` header field on all"," * subsequent HTTP requests to the registry, thus exposing a potential"," * **security** risk."," * @type {String|null}"," */","var bearerToken = exports.bearerToken = env.IED_BEARER_TOKEN || null;","","/**"," * HTTP options supplied as part of all subsequent requests. used for exporting"," * generic HTTP options that contain the proxy configuration (if set) and the"," * `Authorization` header."," * @type {Object}"," */","var httpOptions = exports.httpOptions = {","  proxy: proxy,","  headers: bearerToken ? { authorization: 'Bearer ' + bearerToken } : {}","};"],"l":{"3":1,"6":1,"8":1,"10":1,"12":1,"14":1,"24":1,"30":1,"37":1,"44":1,"52":1,"61":1,"68":1,"75":1,"83":1,"91":1,"100":1,"108":1}},"/home/travis/build/npmtest/node-npmtest-ied/node_modules/ied/lib/help_cmd.js":{"path":"/home/travis/build/npmtest/node-npmtest-ied/node_modules/ied/lib/help_cmd.js","s":{"1":1,"2":1,"3":1,"4":1,"5":1,"6":1,"7":1,"8":1,"9":1,"10":1,"11":1,"12":1},"b":{"1":[0,1],"2":[1,1]},"f":{"1":1,"2":1},"fnMap":{"1":{"name":"_interopRequireDefault","line":16,"loc":{"start":{"line":16,"column":0},"end":{"line":16,"column":37}}},"2":{"name":"helpCmd","line":23,"loc":{"start":{"line":23,"column":0},"end":{"line":23,"column":19}}}},"statementMap":{"1":{"start":{"line":3,"column":0},"end":{"line":5,"column":3}},"2":{"start":{"line":6,"column":0},"end":{"line":6,"column":26}},"3":{"start":{"line":8,"column":0},"end":{"line":8,"column":28}},"4":{"start":{"line":10,"column":0},"end":{"line":10,"column":43}},"5":{"start":{"line":12,"column":0},"end":{"line":12,"column":30}},"6":{"start":{"line":14,"column":0},"end":{"line":14,"column":39}},"7":{"start":{"line":16,"column":0},"end":{"line":16,"column":95}},"8":{"start":{"line":16,"column":39},"end":{"line":16,"column":93}},"9":{"start":{"line":23,"column":0},"end":{"line":28,"column":1}},"10":{"start":{"line":24,"column":2},"end":{"line":24,"column":15}},"11":{"start":{"line":26,"column":2},"end":{"line":26,"column":64}},"12":{"start":{"line":27,"column":2},"end":{"line":27,"column":98}}},"branchMap":{"1":{"lin
[...]
,"locations":[{"start":{"line":7,"column":251},"end":{"line":7,"column":252}},{"start":{"line":7,"column":256},"end":{"line":7,"column":273}}]},"3":{"line":7,"type":"if","locations":[{"start":{"line":7,"column":339},"end":{"line":7,"column":339}},{"start":{"line":7,"column":339},"end":{"line":7,"column":339}}]},"4":{"line":7,"type":"binary-expr","locations":[{"start":{"line":7,"column":343},"end":{"line":7,"column":346}},{"start":{"line":7,"column":350},"end":{"line":7,"column":362}}]},"5":{"line":7,"type":"if","locations":[{"start":{"line":7,"column":392},"end":{"line":7,"column":392}},{"start":{"line":7,"column":392},"end":{"line":7,"column":392}}]},"6":{"line":7,"type":"if","locations":[{"start":{"line":7,"column":456},"end":{"line":7,"column":456}},{"start":{"line":7,"column":456},"end":{"line":7,"column":456}}]},"7":{"line":7,"type":"if","locations":[{"start":{"line":7,"column":501},"end":{"line":7,"column":501}},{"start":{"line":7,"column":501},"end":{"line":7,"column":501}}]},"8":{"line":9,"type":"binary-expr","locations":[{"start":{"line":9,"column":15},"end":{"line":9,"column":28}},{"start":{"line":9,"column":32},"end":{"line":9,"column":256}}]},"9":{"line":9,"type":"if","locations":[{"start":{"line":9,"column":150},"end":{"line":9,"column":150}},{"start":{"line":9,"column":150},"end":{"line":9,"column":150}}]},"10":{"line":40,"type":"cond-expr","locations":[{"start":{"line":40,"column":70},"end":{"line":40,"column":73}},{"start":{"line":40,"column":76},"end":{"line":40,"column":92}}]},"11":{"line":40,"type":"binary-expr","locations":[{"start":{"line":40,"column":46},"end":{"line":40,"column":49}},{"start":{"line":40,"column":53},"end":{"line":40,"column":67}}]},"12":{"line":56,"type":"if","locations":[{"start":{"line":56,"column":1},"end":{"line":56,"column":1}},{"start":{"line":56,"column":1},"end":{"line":56,"column":1}}]},"13":{"line":66,"type":"cond-expr","locations":[{"start":{"line":66,"column":45},"end":{"line":66,"column":47}},{"start":{"line":66,"column":50},"end":{"line":66,"column":62}}]},"14":{"line":97,"type":"cond-expr","locations":[{"start":{"line":97,"column":68},"end":{"line":97,"column":80}},{"start":{"line":97,"column":83},"end":{"line":97,"column":85}}]},"15":{"line":97,"type":"binary-expr","locations":[{"start":{"line":97,"column":15},"end":{"line":97,"column":35}},{"start":{"line":97,"column":39},"end":{"line":97,"column":65}}]},"16":{"line":119,"type":"if","locations":[{"start":{"line":119,"column":1},"end":{"line":119,"column":1}},{"start":{"line":119,"column":1},"end":{"line":119,"column":1}}]},"17":{"line":124,"type":"cond-expr","locations":[{"start":{"line":124,"column":46},"end":{"line":124,"column":48}},{"start":{"line":124,"column":51},"end":{"line":124,"column":65}}]},"18":{"line":127,"type":"if","locations":[{"start":{"line":127,"column":1},"end":{"line":127,"column":1}},{"start":{"line":127,"column":1},"end":{"line":127,"column":1}}]}},"code":["'use strict';","","Object.defineProperty(exports, \"__esModule\", {","\tvalue: true","});","","var _slicedToArray = function () { function sliceIterator(arr, i) { var _arr = []; var _n = true; var _d = false; var _e = undefined; try { for (var _i = arr[Symbol.iterator](), _s; !(_n = (_s = _i.next()).done); _n = true) { _arr.push(_s.value); if (i && _arr.length === i) break; } } catch (err) { _d = true; _e = err; } finally { try { if (!_n && _i[\"return\"]) _i[\"return\"](); } finally { if (_d) throw _e; } } return _arr; } return function (arr, i) { if (Array.isArray(arr)) { return arr; } else if (Symbol.iterator in Object(arr)) { return sliceIterator(arr, i); } else { throw new TypeError(\"Invalid attempt to destructure non-iterable instance\"); } }; }();","","var _extends = Object.assign || function (target) { for (var i = 1; i < arguments.length; i++) { var source = arguments[i]; for (var key in source) { if (Object.prototype.hasOwnProperty.call(source, key)) { target[key] = source[key]; } } } return target; };","","exports.default = runCmd;","exports.run = run;","","var _path = require('path');","","var _path2 = _interopRequireDefault(_path);","","var _assert = require('assert');","","var _assert2 = _interopRequireDefault(_assert);","","var _util = require('./util');","","var _concatMap = require('rxjs/operator/concatMap');","","var _rxjs = require('rxjs');","","var _map = require('rxjs/operator/map');","","var _filter = require('rxjs/operator/filter');","","var _reduce = require('rxjs/operator/reduce');","","var _do2 = require('rxjs/operator/do');","","var _child_process = require('child_process');","","var _config = require('./config');","","function _interopRequireDefault(obj) { return obj && obj.__esModule ? obj : { default: obj }; }","","/**"," * run a `package.json` script and the related pre- and postscript."," * @param {String} cwd - current working directory."," * @param  {Object} argv - command line arguments."," * @return {Observable} - observable sequence."," */","function runCmd(cwd, argv) {","\tvar _context;","","\tvar scripts = argv._.slice(1);","","\tvar pkgJson = (_context = (0, _util.readFile)(_path2.default.join(cwd, 'package.json'), 'utf8'), _map.map).call(_context, JSON.parse);","","\t// if no script(s) have been specified, log out the available scripts.","\tif (!scripts.length) {","\t\treturn _do2._do.call(pkgJson, logAvailable);","\t}","","\tvar PATH = [_path2.default.join(cwd, 'node_modules/.bin'), process.env.PATH].join(_path2.default.delimiter);","\tvar env = _extends({}, process.env, { PATH: PATH });","\tvar runOptions = { env: env, stdio: 'inherit' };","","\treturn (_context = (_context = (_context = (_context = (_context = (_context = _map.map.call(pkgJson, function (_ref) {","\t\tvar _ref$scripts = _ref.scripts,","\t\t    scripts = _ref$scripts === undefined ? {} : _ref$scripts;","\t\treturn scripts;","\t}), _util.entries).call(_context) // eslint-disable-line no-shadow","\t, _filter.filter).call(_context, function (_ref2) {","\t\tvar _ref3 = _slicedToArray(_ref2, 1),","\t\t    name = _ref3[0];","","\t\treturn ~scripts.indexOf(name);","\t}), _concatMap.concatMap).call(_context, function (_ref4) {","\t\tvar _context2;","","\t\tvar _ref5 = _slicedToArray(_ref4, 2),","\t\t    name = _ref5[0],","\t\t    script = _ref5[1];","","\t\treturn (_context2 = run(script, runOptions), _map.map).call(_context2, function (code) {","\t\t\treturn [name, script, code];","\t\t});","\t}), _do2._do).call(_context, logCode), _reduce.reduce).call(_context, function (codes, _ref6) {","\t\tvar _ref7 = _slicedToArray(_ref6, 3),","\t\t    name = _ref7[0],","\t\t    script = _ref7[1],","\t\t    code = _ref7[2];","","\t\treturn codes + code;","\t}, 0), _do2._do).call(_context, function (code) {","\t\treturn _assert2.default.equal(code, 0, 'exit status != 0');","\t});","}","","function run(script) {","\tvar options = arguments.length > 1 && arguments[1] !== undefined ? arguments[1] : {};","","\treturn _rxjs.Observable.create(function (observer) {","\t\tvar args = [_config.shFlag, script];","\t\tvar childProcess = (0, _child_process.spawn)(_config.sh, args, options);","\t\tchildProcess.on('close', function (code) {","\t\t\tobserver.next(code);","\t\t\tobserver.complete();","\t\t});","\t\tchildProcess.on('error', function (err) {","\t\t\tobserver.error(err);","\t\t});","\t});","}","","function logCode(_ref8) {","\tvar _ref9 = _slicedToArray(_ref8, 3),","\t    name = _ref9[0],","\t    script = _ref9[1],","\t    code = _ref9[2];","","\tvar prefix = name + ': `' + script + '`';","\tif (code === 0) console.log(prefix + ' succeeded');else console.error(prefix + ' failed (exit status ' + code + ')');","}","","function logAvailable(_ref10) {","\tvar _ref10$scripts = _ref10.scripts,","\t    scripts = _ref10$scripts === undefined ? {} : _ref10$scripts;","","\tvar available = Object.keys(scripts);","\tif (available.length) {","\t\tconsole.log('available scripts: ' + available.join(', '));","\t} else {","\t\tconsole.log('no scripts in package.json');","\t}","}"],"l":{"3":1,"7":1,"9":1,"11":1,"12":1,"14":1,"16":1,"18":1,"20":1,"22":1,"24":1,"26":1,"28":1,"30":1,"32":1,"34":1,"36":1,"38":1,"40":2,"48":1,"49":0,"51":0,"53":0,"56":0,"57":0,"60":0,"61":0,"62":0,"64":0,"65":0,"67":0,"70":0,"73":0,"75":0,"77":0,"81":0,"82":0,"85":0,"90":0,"92":0,"96":1,"97":0,"99":0,"100":0,"101":0,"102":0,"103":0,"104":0,"106":0,"107":0,"112":1,"113":0,"118":0,"119":0,"122":1,"123":0,"126":0,"127":0,"128":0,"130":0}},"/home/travis/build/npmtest/node-npmtest-ied/node_modules/ied/lib/shell_cmd.js":{"path":"/home/travis/build/npmtest/node-npmtest-ied/node_modules/ied/lib/shell_cmd.js","s":{"1":1,"2":1,"3":1,"4":1,"5":1,"6":1,"7":1,"8":1,"9":1,"10":1,"11":1,"12":1,"13":1,"14":0,"15":0,"16":0,"17":0,"18":0,"19":0,"20":0,"21":1,"22":1,"23":1,"24":0,"25":0,"26":0,"27":0,"28":0,"29":0,"30":0},"b":{"1":[1,0],"2":[1,1],"3":[0,0],"4":[0,0],"5":[0,1],"6":[1,1]},"f":{"1":1,"2":1,"3":0,"4":0,"5":0},"fnMap":{"1":{"name":"_interopRequireWildcard","line":24,"loc":{"start":{"line":24,"column":0},"end":{"line":24,"column":38}}},"2":{"name":"_interopRequireDefault","line":26,"loc":{"start":{"line":26,"column":0},"end":{"line":26,"column":37}}},"3":{"name":"shellCmd","line":33,"loc":{"start":{"line":33,"column":0},"end":{"line":33,"column":23}}},"4":{"name":"(anonymous_4)","line":40,"loc":{"start":{"line":40,"column":86},"end":{"line":40,"column":102}}},"5":{"name":"(anonymous_5)","line":42,"loc":{"start":{"line":42,"column":30},"end":{"line":42,"column":42}}}},"statementMap":{"1":{"start":{"line":3,"column":0},"end":{"line":5,"column":3}},"2":{"start":{"line":6,"column":0},"end":{"line":6,"column":27}},"3":{"start":{"line":8,"column":0},"end":{"line":8,"column":28}},"4":{"start":{"line":10,"column":0},"end":{"line":10,"column":43}},"5":{"start":{"line":12,"column":0},"end":{"line":12,"column":34}},"6":{"start":{"line":14,"column":0},"end":{"line":14,"column":46}},"7":{"start":{"line":16,"column":0},"end":{"line":16,"column":46}},"8":{"start":{"line":18,"column":0},"end":{"line":18,"column":30}},"9":{"start":{"line":20,"column":0},"end":{"line":20,"column":40}},"10":{"start":{"line":22,"column":0},"end":{"line":22,"column":39}},"11":{"start":{"line":24,"column":0},"end":{"line":24,"column":269}},"12":{"start":{"line":24,"column":40},"end":{"line":24,"column":267}},"13":{"start":{"line":24,"column":69},"end":{"line":24,"column":80}},"14":{"start":{"line":24,"column":90},"end":{"line":24,"column":106}},"15":{"start":{"line":24,"column":107},"end":{"line":24,"column":228}},"16":{"start":{"line":24,"column":126},"end":{"line":24,"column":226}},"17":{"start":{"line":24,"column":149},"end":{"line":24,"column":224}},"18":{"start":{"line":24,"column":201},"end":{"line":24,"column":224}},"19":{"start":{"line":24,"column":229},"end":{"line":24,"column":250}},"20":{"start":{"line":24,"column":251},"end":{"line":24,"column":265}},"21":{"start":{"line":26,"column":0},"end":{"line":26,"column":95}},"22":{"start":{"line":26,"column":39},"end":{"line":26,"column":93}},"23":{"start":{"line":33,"column":0},"end":{"line":45,"column":1}},"24":{"start":{"line":34,"column":1},"end":{"line":34,"column":14}},"25":{"start":{"line":36,"column":1},"end":{"line":36,"column":61}},"26":{"start":{"line":37,"column":1},"end":{"line":37,"column":38}},"27":{"start":{"line":38,"column":1},"end":{"line":38,"column":71}},"28":{"start":{"line":40,"column":1},"end":{"line":44,"column":4}},"29":{"start":{"line":41,"column":2},"end":{"line":41,"column":55}},"30":{"start":{"line":43,"column":2},"end":{"line":43,"column":82}}},"branchMap":{"1":{"line":24,"type":"if","locations":[{"start":{"line":24,"column":40},"end":{"line":24,"column":40}},{"start":{"line":24,"column":40},"end":{"line":24,"column":40}}]},"2":{"line":24,"type":"binary-expr","locations":[{"start":{"line":24,"column":44},"end":{"line":24,"column":47}},{"start":{"line":24,"column":51},"end":{"line":24,"column":65}}]},"3":{"line":24,"type":"if","locations":[{"start":{"line":24,"column":107},"end":{"line":24,"column":107}},{"start":{"line":24,"column":107},"end":{"line":24,"column":107}}]},"4":{"line":24,"type":"if","locations":[{"start":{"line":24,"column":149},"end":{"line":24,"column":149}},{"start":{"line":24,"column":149},"end":{"line":24,"column":149}}]},"5":{"line":26,"type":"cond-expr","locations":[{"start":{"line":26,"column":70},"end":{"line":26,"column":73}},{"start":{"line":26,"column":76},"end":{"line":26,"column":92}}]},"6":{"line":26,"type":"binary-expr","locations":[{"start":{"line":26,"column":46},"end":{"line":26,"column":49}},{"start":{"line":26,"column":53},"end":{"line":26,"column":67}}]}},"code":["'use strict';","","Object.defineProperty(exports, \"__esModule\", {","\tvalue: true","});","exports.default = shellCmd;","","var _path = require('path');","","var _path2 = _interopRequireDefault(_path);","","var _config = require('./config');","","var config = _interopRequireWildcard(_config);","","var _child_process = require('child_process');","","var _util = require('./util');","","var _map = require('rxjs/operator/map');","","var _do2 = require('rxjs/operator/do');","","function _interopRequireWildcard(obj) { if (obj && obj.__esModule) { return obj; } else { var newObj = {}; if (obj != null) { for (var key in obj) { if (Object.prototype.hasOwnProperty.call(obj, key)) newObj[key] = obj[key]; } } newObj.default = obj; return newObj; } }","","function _interopRequireDefault(obj) { return obj && obj.__esModule ? obj : { default: obj }; }","","/**"," * enter a new session that has access to the CLIs exposed by the installed"," * packages by using an amended `PATH`."," * @param {String} cwd - current working directory."," */","function shellCmd(cwd) {","\tvar _context;","","\tvar binPath = _path2.default.join(cwd, 'node_modules/.bin');","\tvar env = Object.create(process.env);","\tenv.PATH = [binPath, process.env.PATH].join(_path2.default.delimiter);","","\treturn (_context = (_context = (0, _util.readdir)(binPath), _do2._do).call(_context, function (cmds) {","\t\treturn console.log('\\nadded', cmds.join(', '), '\\n');","\t}), _map.map).call(_context, function () {","\t\treturn (0, _child_process.spawn)(config.sh, [], { stdio: 'inherit', env: env });","\t});","}"],"l":{"3":1,"6":1,"8":1,"10":1,"12":1,"14":1,"16":1,"18":1,"20":1,"22":1,"24":1,"26":1,"33":1,"34":0,"36":0,"37":0,"38":0,"40":0,"41":0,"43":0}},"/home/travis/build/npmtest/node-npmtest-ied/node_modules/ied/lib/unlink_cmd.js":{"path":"/home/travis/build/npmtest/node-npmtest-ied/node_modules/ied/lib/unlink_cmd.js","s":{"1":1,"2":1,"3":1,"4":1,"5":1,"6":1,"7":0,"8":0,"9":0,"10":0},"b":{"1":[0,0]},"f":{"1":0,"2":0},"fnMap":{"1":{"name":"unlinkCmd","line":22,"loc":{"start":{"line":22,"column":0},"end":{"line":22,"column":30}}},"2":{"name":"(anonymous_2)","line":27,"loc":{"start":{"line":27,"column":119},"end":{"line":27,"column":135}}}},"statementMap":{"1":{"start":{"line":3,"column":0},"end":{"line":5,"column":3}},"2":{"start":{"line":6,"column":0},"end":{"line":6,"column":28}},"3":{"start":{"line":8,"column":0},"end":{"line":8,"column":66}},"4":{"start":{"line":10,"column":0},"end":{"line":10,"column":50}},"5":{"start":{"line":12,"column":0},"end":{"line":12,"column":30}},"6":{"start":{"line":22,"column":0},"end":{"line":30,"column":1}},"7":{"start":{"line":23,"column":2},"end":{"line":23,"column":15}},"8":{"start":{"line":25,"column":2},"end":{"line":25,"column":30}},"9":{"start":{"line":27,"column":2},"end":{"line":29,"column":38}},"10":{"start":{"line":28,"column":4},"end":{"line":28,"column":50}}},"branchMap":{"1":{"line":27,"type":"cond-expr","locations":[{"start":{"line":27,"column":24},"end":{"line":29,"column":4}},{"start":{"line":29,"column":7},"end":{"line":29,"column":37}}]}},"code":["'use strict';","","Object.defineProperty(exports, \"__esModule\", {","  value: true","});","exports.default = unlinkCmd;","","var _ArrayObservable = require('rxjs/observable/ArrayObservable');","","var _mergeMap = require('rxjs/operator/mergeMap');","","var _link = require('./link');","","/**"," * unlink one or more previously linked dependencies. can be invoked via"," * `ied unlink`. E.g. `ied unlink browserify tap webpack` would unlink all"," * _three_ dependencies."," * @param  {String} cwd - current working directory."," * @param  {Object} argv - parsed command line arguments."," * @return {Observable} - observable sequence."," */","function unlinkCmd(cwd, argv) {","  var _context;","","  var names = argv._.slice(1);","","  return names.length ? (_context = _ArrayObservable.ArrayObservable.create(names), _mergeMap.mergeMap).call(_context, function (name) {","    return (0, _link.unlinkFromGlobal)(cwd, name);","  }) : (0, _link.unlinkToGlobal)(cwd);","}"],"l":{"3":1,"6":1,"8":1,"10":1,"12":1,"22":1,"23":0,"25":0,"27":0,"28":0}},"/home/travis/build/npmtest/node-npmtest-ied/node_modules/ied/lib/version_cmd.js":{"path":"/home/travis/build/npmtest/node-npmtest-ied/node_modules/ied/lib/version_cmd.js","s":{"1":1,"2":1,"3":1,"4":1,"5":1,"6":1,"7":1,"8":1,"9":1,"10":1,"11":0,"12":0,"13":0,"14":0,"15":0},"b":{"1":[0,1],"2":[1,1]},"f":{"1":1,"2":0,"3":0,"4":0},"fnMap":{"1":{"name":"_interopRequireDefault","line":18,"loc":{"start":{"line":18,"column":0},"end":{"line":18,"column":37}}},"2":{"name":"versionCmd","line":25,"loc":{"start":{"line":25,"column":0},"end":{"line":25,"column":22}}},"3":{"name":"(anonymous_3)","line":28,"loc":{"start":{"line":28,"column":134},"end":{"line":28,"column":150}}},"4":{"name":"(anonymous_4)","line":31,"loc":{"start":{"line":31,"column":31},"end":{"line":31,"column":50}}}},"statementMap":{"1":{"start":{"line":3,"column":0},"end":{"line":5,"column":3}},"2":{"start":{"line":6,"column":0},"end":{"line":6,"column":29}},"3":{"start":{"line":8,"column":0},"end":{"line":8,"column":30}},"4":{"start":{"line":10,"column":0},"end":{"line":10,"column":28}},"5":{"start":{"line":12,"column":0},"end":{"line":12,"column":43}},"6":{"start":{"line":14,"column":0},"end":{"line":14,"column":40}},"7":{"start":{"line":16,"column":0},"end":{"line":16,"column":39}},"8":{"start":{"line":18,"column":0},"end":{"line":18,"column":95}},"9":{"start":{"line":18,"column":39},"end":{"line":18,"column":93}},"10":{"start":{"line":25,"column":0},"end":{"line":34,"column":1}},"11":{"start":{"line":26,"column":2},"end":{"line":26,"column":15}},"12":{"start":{"line":28,"column":2},"end":{"line":33,"column":5}},"13":{"start":{"line":29,"column":4},"end":{"line":29,"column":31}},"14":{"start":{"line":30,"column":4},"end":{"line":30,"column":19}},"15":{"start":{"line":32,"column":4},"end":{"line":32,"column":49}}},"branchMap":{"1":{"line":18,"type":"cond-expr","locations":[{"start":{"line":18,"column":70},"end":{"line":18,"column":73}},{"start":{"line":18,"column":76},"end":{"line":18,"column":92}}]},"2":{"line":18,"type":"binary-expr","locations":[{"start":{"line":18,"column":46},"end":{"line":18,"column":49}},{"start":{"line":18,"column":53},"end":{"line":18,"column":67}}]}},"code":["'use strict';","","Object.defineProperty(exports, \"__esModule\", {","  value: true","});","exports.default = versionCmd;","","var _util = require('./util');","","var _path = require('path');","","var _path2 = _interopRequireDefault(_path);","","var _map = require('rxjs/operator/map');","","var _do2 = require('rxjs/operator/do');","","function _interopRequireDefault(obj) { return obj && obj.__esModule ? obj : { default: obj }; }","","/**"," * display the version number."," * @return {Subscription} - a subscription that logs the versio number to the"," * console."," */","function versionCmd() {","  var _context;","","  return (_context = (_context = (0, _util.readFileJSON)(_path2.default.join(__dirname, '../package.json')), _map.map).call(_context, function (_ref) {","    var version = _ref.version;","    return version;","  }), _do2._do).call(_context, function (version) {","    return console.log('ied version ' + version);","  });","}"],"l":{"3":1,"6":1,"8":1,"10":1,"12":1,"14":1,"16":1,"18":1,"25":1,"26":0,"28":0,"29":0,"30":0,"32":0}}}